mode: set
evik/backend/internal/infrastructure/postgres/admin_repository.go:21.54,23.2 1 0
evik/backend/internal/infrastructure/postgres/admin_repository.go:25.87,150.16 4 0
evik/backend/internal/infrastructure/postgres/admin_repository.go:150.16,152.3 1 0
evik/backend/internal/infrastructure/postgres/admin_repository.go:154.2,162.16 2 0
evik/backend/internal/infrastructure/postgres/admin_repository.go:162.16,164.3 1 0
evik/backend/internal/infrastructure/postgres/admin_repository.go:165.2,173.17 2 0
evik/backend/internal/infrastructure/postgres/admin_repository.go:177.114,179.16 2 0
evik/backend/internal/infrastructure/postgres/admin_repository.go:179.16,181.3 1 0
evik/backend/internal/infrastructure/postgres/admin_repository.go:182.2,184.18 3 0
evik/backend/internal/infrastructure/postgres/admin_repository.go:184.18,186.63 2 0
evik/backend/internal/infrastructure/postgres/admin_repository.go:186.63,188.4 1 0
evik/backend/internal/infrastructure/postgres/admin_repository.go:189.3,189.33 1 0
evik/backend/internal/infrastructure/postgres/admin_repository.go:191.2,191.27 1 0
evik/backend/internal/infrastructure/postgres/admin_repository.go:194.125,195.31 1 0
evik/backend/internal/infrastructure/postgres/admin_repository.go:195.31,197.3 1 0
evik/backend/internal/infrastructure/postgres/admin_repository.go:199.2,227.16 3 0
evik/backend/internal/infrastructure/postgres/admin_repository.go:227.16,229.3 1 0
evik/backend/internal/infrastructure/postgres/admin_repository.go:230.2,233.18 3 0
evik/backend/internal/infrastructure/postgres/admin_repository.go:233.18,256.17 2 0
evik/backend/internal/infrastructure/postgres/admin_repository.go:256.17,258.4 1 0
evik/backend/internal/infrastructure/postgres/admin_repository.go:259.3,261.30 3 0
evik/backend/internal/infrastructure/postgres/admin_repository.go:263.2,263.26 1 0
evik/backend/internal/infrastructure/postgres/admin_repository.go:266.116,268.16 2 0
evik/backend/internal/infrastructure/postgres/admin_repository.go:268.16,270.3 1 0
evik/backend/internal/infrastructure/postgres/admin_repository.go:271.2,272.16 2 0
evik/backend/internal/infrastructure/postgres/admin_repository.go:272.16,274.3 1 0
evik/backend/internal/infrastructure/postgres/admin_repository.go:275.2,275.23 1 0
evik/backend/internal/infrastructure/postgres/admin_repository.go:275.23,277.3 1 0
evik/backend/internal/infrastructure/postgres/admin_repository.go:278.2,278.21 1 0
evik/backend/internal/infrastructure/postgres/admin_repository.go:278.21,280.3 1 0
evik/backend/internal/infrastructure/postgres/admin_repository.go:282.2,321.12 3 0
evik/backend/internal/infrastructure/postgres/admin_repository.go:327.9,329.16 2 0
evik/backend/internal/infrastructure/postgres/admin_repository.go:329.16,331.3 1 0
evik/backend/internal/infrastructure/postgres/admin_repository.go:332.2,338.66 3 0
evik/backend/internal/infrastructure/postgres/admin_repository.go:338.66,353.3 1 0
evik/backend/internal/infrastructure/postgres/admin_repository.go:353.8,360.3 1 0
evik/backend/internal/infrastructure/postgres/admin_repository.go:361.2,361.16 1 0
evik/backend/internal/infrastructure/postgres/admin_repository.go:361.16,363.3 1 0
evik/backend/internal/infrastructure/postgres/admin_repository.go:364.2,365.16 2 0
evik/backend/internal/infrastructure/postgres/admin_repository.go:365.16,367.3 1 0
evik/backend/internal/infrastructure/postgres/admin_repository.go:368.2,368.19 1 0
evik/backend/internal/infrastructure/postgres/admin_repository.go:368.19,370.3 1 0
evik/backend/internal/infrastructure/postgres/admin_repository.go:372.2,382.16 2 0
evik/backend/internal/infrastructure/postgres/admin_repository.go:382.16,384.3 1 0
evik/backend/internal/infrastructure/postgres/admin_repository.go:385.2,385.20 1 0
evik/backend/internal/infrastructure/postgres/admin_repository.go:388.97,389.31 1 0
evik/backend/internal/infrastructure/postgres/admin_repository.go:389.31,391.3 1 0
evik/backend/internal/infrastructure/postgres/admin_repository.go:393.2,433.16 3 0
evik/backend/internal/infrastructure/postgres/admin_repository.go:433.16,435.3 1 0
evik/backend/internal/infrastructure/postgres/admin_repository.go:436.2,439.18 3 0
evik/backend/internal/infrastructure/postgres/admin_repository.go:439.18,441.110 2 0
evik/backend/internal/infrastructure/postgres/admin_repository.go:441.110,443.4 1 0
evik/backend/internal/infrastructure/postgres/admin_repository.go:444.3,444.30 1 0
evik/backend/internal/infrastructure/postgres/admin_repository.go:446.2,446.26 1 0
evik/backend/internal/infrastructure/postgres/admin_repository.go:449.151,450.31 1 0
evik/backend/internal/infrastructure/postgres/admin_repository.go:450.31,452.3 1 0
evik/backend/internal/infrastructure/postgres/admin_repository.go:453.2,453.16 1 0
evik/backend/internal/infrastructure/postgres/admin_repository.go:453.16,455.3 1 0
evik/backend/internal/infrastructure/postgres/admin_repository.go:457.2,461.15 4 0
evik/backend/internal/infrastructure/postgres/admin_repository.go:461.15,465.3 3 0
evik/backend/internal/infrastructure/postgres/admin_repository.go:466.2,466.23 1 0
evik/backend/internal/infrastructure/postgres/admin_repository.go:466.23,470.3 3 0
evik/backend/internal/infrastructure/postgres/admin_repository.go:472.2,473.25 2 0
evik/backend/internal/infrastructure/postgres/admin_repository.go:473.25,475.3 1 0
evik/backend/internal/infrastructure/postgres/admin_repository.go:478.2,485.84 3 0
evik/backend/internal/infrastructure/postgres/admin_repository.go:485.84,487.3 1 0
evik/backend/internal/infrastructure/postgres/admin_repository.go:490.2,511.16 4 0
evik/backend/internal/infrastructure/postgres/admin_repository.go:511.16,513.3 1 0
evik/backend/internal/infrastructure/postgres/admin_repository.go:514.2,517.18 3 0
evik/backend/internal/infrastructure/postgres/admin_repository.go:517.18,530.17 2 0
evik/backend/internal/infrastructure/postgres/admin_repository.go:530.17,532.4 1 0
evik/backend/internal/infrastructure/postgres/admin_repository.go:533.3,533.30 1 0
evik/backend/internal/infrastructure/postgres/admin_repository.go:535.2,535.33 1 0
evik/backend/internal/infrastructure/postgres/admin_repository.go:538.92,555.2 3 0
evik/backend/internal/infrastructure/postgres/admin_repository.go:557.76,559.16 2 0
evik/backend/internal/infrastructure/postgres/admin_repository.go:559.16,561.3 1 0
evik/backend/internal/infrastructure/postgres/admin_repository.go:562.2,563.16 2 0
evik/backend/internal/infrastructure/postgres/admin_repository.go:563.16,565.3 1 0
evik/backend/internal/infrastructure/postgres/admin_repository.go:566.2,566.19 1 0
evik/backend/internal/infrastructure/postgres/admin_repository.go:566.19,568.3 1 0
evik/backend/internal/infrastructure/postgres/admin_repository.go:569.2,569.12 1 0
evik/backend/internal/infrastructure/postgres/admin_repository.go:572.76,574.16 2 0
evik/backend/internal/infrastructure/postgres/admin_repository.go:574.16,576.3 1 0
evik/backend/internal/infrastructure/postgres/admin_repository.go:577.2,578.16 2 0
evik/backend/internal/infrastructure/postgres/admin_repository.go:578.16,580.3 1 0
evik/backend/internal/infrastructure/postgres/admin_repository.go:581.2,581.19 1 0
evik/backend/internal/infrastructure/postgres/admin_repository.go:581.19,583.3 1 0
evik/backend/internal/infrastructure/postgres/admin_repository.go:584.2,584.12 1 0
evik/backend/internal/infrastructure/postgres/admin_repository.go:587.78,589.16 2 0
evik/backend/internal/infrastructure/postgres/admin_repository.go:589.16,591.3 1 0
evik/backend/internal/infrastructure/postgres/admin_repository.go:592.2,593.16 2 0
evik/backend/internal/infrastructure/postgres/admin_repository.go:593.16,595.3 1 0
evik/backend/internal/infrastructure/postgres/admin_repository.go:596.2,596.19 1 0
evik/backend/internal/infrastructure/postgres/admin_repository.go:596.19,598.3 1 0
evik/backend/internal/infrastructure/postgres/admin_repository.go:599.2,599.12 1 0
evik/backend/internal/infrastructure/postgres/admin_repository.go:602.157,623.16 3 0
evik/backend/internal/infrastructure/postgres/admin_repository.go:623.16,625.3 1 0
evik/backend/internal/infrastructure/postgres/admin_repository.go:626.2,629.18 3 0
evik/backend/internal/infrastructure/postgres/admin_repository.go:629.18,641.17 2 0
evik/backend/internal/infrastructure/postgres/admin_repository.go:641.17,643.4 1 0
evik/backend/internal/infrastructure/postgres/admin_repository.go:644.3,644.30 1 0
evik/backend/internal/infrastructure/postgres/admin_repository.go:648.2,662.16 4 0
evik/backend/internal/infrastructure/postgres/admin_repository.go:662.16,664.3 1 0
evik/backend/internal/infrastructure/postgres/admin_repository.go:666.2,666.33 1 0
evik/backend/internal/infrastructure/postgres/admin_repository.go:669.108,698.16 4 0
evik/backend/internal/infrastructure/postgres/admin_repository.go:698.16,699.36 1 0
evik/backend/internal/infrastructure/postgres/admin_repository.go:699.36,701.4 1 0
evik/backend/internal/infrastructure/postgres/admin_repository.go:702.3,702.18 1 0
evik/backend/internal/infrastructure/postgres/admin_repository.go:705.2,705.19 1 0
evik/backend/internal/infrastructure/postgres/admin_repository.go:708.116,725.16 3 0
evik/backend/internal/infrastructure/postgres/admin_repository.go:725.16,727.3 1 0
evik/backend/internal/infrastructure/postgres/admin_repository.go:728.2,731.18 3 0
evik/backend/internal/infrastructure/postgres/admin_repository.go:731.18,741.17 2 0
evik/backend/internal/infrastructure/postgres/admin_repository.go:741.17,743.4 1 0
evik/backend/internal/infrastructure/postgres/admin_repository.go:744.3,744.39 1 0
evik/backend/internal/infrastructure/postgres/admin_repository.go:747.2,747.35 1 0
evik/backend/internal/infrastructure/postgres/admin_repository.go:747.35,749.3 1 0
evik/backend/internal/infrastructure/postgres/admin_repository.go:751.2,751.22 1 0
evik/backend/internal/infrastructure/postgres/admin_repository.go:754.117,762.16 3 0
evik/backend/internal/infrastructure/postgres/admin_repository.go:762.16,764.3 1 0
evik/backend/internal/infrastructure/postgres/admin_repository.go:766.2,767.16 2 0
evik/backend/internal/infrastructure/postgres/admin_repository.go:767.16,769.3 1 0
evik/backend/internal/infrastructure/postgres/admin_repository.go:771.2,771.23 1 0
evik/backend/internal/infrastructure/postgres/admin_repository.go:771.23,773.3 1 0
evik/backend/internal/infrastructure/postgres/admin_repository.go:775.2,775.12 1 0
evik/backend/internal/infrastructure/postgres/admin_repository.go:778.134,779.31 1 0
evik/backend/internal/infrastructure/postgres/admin_repository.go:779.31,781.3 1 0
evik/backend/internal/infrastructure/postgres/admin_repository.go:782.2,782.16 1 0
evik/backend/internal/infrastructure/postgres/admin_repository.go:782.16,784.3 1 0
evik/backend/internal/infrastructure/postgres/admin_repository.go:785.2,786.96 2 0
evik/backend/internal/infrastructure/postgres/admin_repository.go:786.96,788.3 1 0
evik/backend/internal/infrastructure/postgres/admin_repository.go:789.2,792.16 2 0
evik/backend/internal/infrastructure/postgres/admin_repository.go:792.16,794.3 1 0
evik/backend/internal/infrastructure/postgres/admin_repository.go:795.2,797.18 3 0
evik/backend/internal/infrastructure/postgres/admin_repository.go:797.18,800.190 3 0
evik/backend/internal/infrastructure/postgres/admin_repository.go:800.190,802.4 1 0
evik/backend/internal/infrastructure/postgres/admin_repository.go:803.3,804.30 2 0
evik/backend/internal/infrastructure/postgres/admin_repository.go:806.2,806.33 1 0
evik/backend/internal/infrastructure/postgres/admin_repository.go:809.147,810.31 1 0
evik/backend/internal/infrastructure/postgres/admin_repository.go:810.31,812.3 1 0
evik/backend/internal/infrastructure/postgres/admin_repository.go:813.2,813.16 1 0
evik/backend/internal/infrastructure/postgres/admin_repository.go:813.16,815.3 1 0
evik/backend/internal/infrastructure/postgres/admin_repository.go:816.2,819.18 4 0
evik/backend/internal/infrastructure/postgres/admin_repository.go:819.18,822.3 2 0
evik/backend/internal/infrastructure/postgres/admin_repository.go:823.2,825.88 3 0
evik/backend/internal/infrastructure/postgres/admin_repository.go:825.88,827.3 1 0
evik/backend/internal/infrastructure/postgres/admin_repository.go:828.2,832.16 3 0
evik/backend/internal/infrastructure/postgres/admin_repository.go:832.16,834.3 1 0
evik/backend/internal/infrastructure/postgres/admin_repository.go:835.2,837.18 3 0
evik/backend/internal/infrastructure/postgres/admin_repository.go:837.18,840.133 3 0
evik/backend/internal/infrastructure/postgres/admin_repository.go:840.133,842.4 1 0
evik/backend/internal/infrastructure/postgres/admin_repository.go:843.3,843.22 1 0
evik/backend/internal/infrastructure/postgres/admin_repository.go:843.22,845.4 1 0
evik/backend/internal/infrastructure/postgres/admin_repository.go:846.3,846.30 1 0
evik/backend/internal/infrastructure/postgres/admin_repository.go:848.2,848.33 1 0
evik/backend/internal/infrastructure/postgres/admin_repository.go:851.167,852.31 1 0
evik/backend/internal/infrastructure/postgres/admin_repository.go:852.31,854.3 1 0
evik/backend/internal/infrastructure/postgres/admin_repository.go:855.2,855.16 1 0
evik/backend/internal/infrastructure/postgres/admin_repository.go:855.16,857.3 1 0
evik/backend/internal/infrastructure/postgres/admin_repository.go:858.2,861.18 4 0
evik/backend/internal/infrastructure/postgres/admin_repository.go:861.18,865.3 3 0
evik/backend/internal/infrastructure/postgres/admin_repository.go:866.2,866.20 1 0
evik/backend/internal/infrastructure/postgres/admin_repository.go:866.20,870.3 3 0
evik/backend/internal/infrastructure/postgres/admin_repository.go:871.2,872.25 2 0
evik/backend/internal/infrastructure/postgres/admin_repository.go:872.25,874.3 1 0
evik/backend/internal/infrastructure/postgres/admin_repository.go:875.2,877.88 3 0
evik/backend/internal/infrastructure/postgres/admin_repository.go:877.88,879.3 1 0
evik/backend/internal/infrastructure/postgres/admin_repository.go:880.2,885.16 3 0
evik/backend/internal/infrastructure/postgres/admin_repository.go:885.16,887.3 1 0
evik/backend/internal/infrastructure/postgres/admin_repository.go:888.2,890.18 3 0
evik/backend/internal/infrastructure/postgres/admin_repository.go:890.18,893.229 3 0
evik/backend/internal/infrastructure/postgres/admin_repository.go:893.229,895.4 1 0
evik/backend/internal/infrastructure/postgres/admin_repository.go:896.3,897.30 2 0
evik/backend/internal/infrastructure/postgres/admin_repository.go:899.2,899.33 1 0
evik/backend/internal/infrastructure/postgres/admin_repository.go:902.159,903.31 1 0
evik/backend/internal/infrastructure/postgres/admin_repository.go:903.31,905.3 1 0
evik/backend/internal/infrastructure/postgres/admin_repository.go:906.2,906.16 1 0
evik/backend/internal/infrastructure/postgres/admin_repository.go:906.16,908.3 1 0
evik/backend/internal/infrastructure/postgres/admin_repository.go:909.2,911.18 3 0
evik/backend/internal/infrastructure/postgres/admin_repository.go:911.18,914.3 2 0
evik/backend/internal/infrastructure/postgres/admin_repository.go:915.2,917.88 3 0
evik/backend/internal/infrastructure/postgres/admin_repository.go:917.88,919.3 1 0
evik/backend/internal/infrastructure/postgres/admin_repository.go:920.2,924.16 3 0
evik/backend/internal/infrastructure/postgres/admin_repository.go:924.16,926.3 1 0
evik/backend/internal/infrastructure/postgres/admin_repository.go:927.2,929.18 3 0
evik/backend/internal/infrastructure/postgres/admin_repository.go:929.18,932.148 3 0
evik/backend/internal/infrastructure/postgres/admin_repository.go:932.148,934.4 1 0
evik/backend/internal/infrastructure/postgres/admin_repository.go:935.3,936.30 2 0
evik/backend/internal/infrastructure/postgres/admin_repository.go:938.2,938.33 1 0
evik/backend/internal/infrastructure/postgres/admin_repository.go:941.158,942.31 1 0
evik/backend/internal/infrastructure/postgres/admin_repository.go:942.31,944.3 1 0
evik/backend/internal/infrastructure/postgres/admin_repository.go:945.2,945.16 1 0
evik/backend/internal/infrastructure/postgres/admin_repository.go:945.16,947.3 1 0
evik/backend/internal/infrastructure/postgres/admin_repository.go:948.2,951.22 4 0
evik/backend/internal/infrastructure/postgres/admin_repository.go:951.22,955.3 3 0
evik/backend/internal/infrastructure/postgres/admin_repository.go:956.2,956.18 1 0
evik/backend/internal/infrastructure/postgres/admin_repository.go:956.18,960.3 3 0
evik/backend/internal/infrastructure/postgres/admin_repository.go:961.2,962.25 2 0
evik/backend/internal/infrastructure/postgres/admin_repository.go:962.25,964.3 1 0
evik/backend/internal/infrastructure/postgres/admin_repository.go:965.2,967.88 3 0
evik/backend/internal/infrastructure/postgres/admin_repository.go:967.88,969.3 1 0
evik/backend/internal/infrastructure/postgres/admin_repository.go:970.2,974.16 3 0
evik/backend/internal/infrastructure/postgres/admin_repository.go:974.16,976.3 1 0
evik/backend/internal/infrastructure/postgres/admin_repository.go:977.2,979.18 3 0
evik/backend/internal/infrastructure/postgres/admin_repository.go:979.18,982.138 3 0
evik/backend/internal/infrastructure/postgres/admin_repository.go:982.138,984.4 1 0
evik/backend/internal/infrastructure/postgres/admin_repository.go:985.3,986.30 2 0
evik/backend/internal/infrastructure/postgres/admin_repository.go:988.2,988.33 1 0
evik/backend/internal/infrastructure/postgres/admin_repository.go:991.123,1017.16 4 0
evik/backend/internal/infrastructure/postgres/admin_repository.go:1017.16,1018.36 1 0
evik/backend/internal/infrastructure/postgres/admin_repository.go:1018.36,1020.4 1 0
evik/backend/internal/infrastructure/postgres/admin_repository.go:1021.3,1021.18 1 0
evik/backend/internal/infrastructure/postgres/admin_repository.go:1025.2,1037.16 7 0
evik/backend/internal/infrastructure/postgres/admin_repository.go:1037.16,1039.56 2 0
evik/backend/internal/infrastructure/postgres/admin_repository.go:1039.56,1041.4 1 0
evik/backend/internal/infrastructure/postgres/admin_repository.go:1042.3,1043.24 2 0
evik/backend/internal/infrastructure/postgres/admin_repository.go:1043.24,1045.4 1 0
evik/backend/internal/infrastructure/postgres/admin_repository.go:1046.3,1056.4 1 0
evik/backend/internal/infrastructure/postgres/admin_repository.go:1060.2,1066.16 5 0
evik/backend/internal/infrastructure/postgres/admin_repository.go:1066.16,1068.25 2 0
evik/backend/internal/infrastructure/postgres/admin_repository.go:1068.25,1070.4 1 0
evik/backend/internal/infrastructure/postgres/admin_repository.go:1071.3,1076.4 1 0
evik/backend/internal/infrastructure/postgres/admin_repository.go:1080.2,1087.16 6 0
evik/backend/internal/infrastructure/postgres/admin_repository.go:1087.16,1089.28 2 0
evik/backend/internal/infrastructure/postgres/admin_repository.go:1089.28,1091.4 1 0
evik/backend/internal/infrastructure/postgres/admin_repository.go:1092.3,1098.4 1 0
evik/backend/internal/infrastructure/postgres/admin_repository.go:1102.2,1109.16 6 0
evik/backend/internal/infrastructure/postgres/admin_repository.go:1109.16,1115.3 1 0
evik/backend/internal/infrastructure/postgres/admin_repository.go:1118.2,1118.24 1 0
evik/backend/internal/infrastructure/postgres/admin_repository.go:1118.24,1120.3 1 0
evik/backend/internal/infrastructure/postgres/admin_repository.go:1122.2,1122.21 1 0
evik/backend/internal/infrastructure/postgres/admin_repository.go:1125.154,1126.31 1 0
evik/backend/internal/infrastructure/postgres/admin_repository.go:1126.31,1128.3 1 0
evik/backend/internal/infrastructure/postgres/admin_repository.go:1129.2,1129.16 1 0
evik/backend/internal/infrastructure/postgres/admin_repository.go:1129.16,1131.3 1 0
evik/backend/internal/infrastructure/postgres/admin_repository.go:1133.2,1135.16 3 0
evik/backend/internal/infrastructure/postgres/admin_repository.go:1135.16,1137.3 1 0
evik/backend/internal/infrastructure/postgres/admin_repository.go:1139.2,1151.16 3 0
evik/backend/internal/infrastructure/postgres/admin_repository.go:1151.16,1153.3 1 0
evik/backend/internal/infrastructure/postgres/admin_repository.go:1154.2,1157.18 3 0
evik/backend/internal/infrastructure/postgres/admin_repository.go:1157.18,1165.17 2 0
evik/backend/internal/infrastructure/postgres/admin_repository.go:1165.17,1167.4 1 0
evik/backend/internal/infrastructure/postgres/admin_repository.go:1168.3,1169.30 2 0
evik/backend/internal/infrastructure/postgres/admin_repository.go:1171.2,1171.33 1 0
evik/backend/internal/infrastructure/postgres/admin_repository.go:1174.44,1175.15 1 0
evik/backend/internal/infrastructure/postgres/admin_repository.go:1175.15,1177.3 1 0
evik/backend/internal/infrastructure/postgres/admin_repository.go:1178.2,1179.58 2 0
evik/backend/internal/infrastructure/postgres/admin_repository.go:1179.58,1181.3 1 0
evik/backend/internal/infrastructure/postgres/admin_repository.go:1182.2,1182.16 1 0
evik/backend/internal/infrastructure/postgres/admin_repository.go:1182.16,1184.3 1 0
evik/backend/internal/infrastructure/postgres/admin_repository.go:1185.2,1185.12 1 0
evik/backend/internal/infrastructure/postgres/admin_repository.go:1188.33,1190.2 1 0
evik/backend/internal/infrastructure/postgres/driver_repository.go:23.96,25.2 1 0
evik/backend/internal/infrastructure/postgres/driver_repository.go:27.91,48.2 3 0
evik/backend/internal/infrastructure/postgres/driver_repository.go:50.98,68.16 4 0
evik/backend/internal/infrastructure/postgres/driver_repository.go:68.16,69.36 1 0
evik/backend/internal/infrastructure/postgres/driver_repository.go:69.36,71.4 1 0
evik/backend/internal/infrastructure/postgres/driver_repository.go:72.3,72.18 1 0
evik/backend/internal/infrastructure/postgres/driver_repository.go:74.2,75.18 2 0
evik/backend/internal/infrastructure/postgres/driver_repository.go:78.112,125.16 4 0
evik/backend/internal/infrastructure/postgres/driver_repository.go:125.16,126.36 1 0
evik/backend/internal/infrastructure/postgres/driver_repository.go:126.36,128.4 1 0
evik/backend/internal/infrastructure/postgres/driver_repository.go:129.3,129.18 1 0
evik/backend/internal/infrastructure/postgres/driver_repository.go:131.2,132.22 2 0
evik/backend/internal/infrastructure/postgres/driver_repository.go:135.103,136.31 1 0
evik/backend/internal/infrastructure/postgres/driver_repository.go:136.31,138.3 1 0
evik/backend/internal/infrastructure/postgres/driver_repository.go:140.2,148.16 3 0
evik/backend/internal/infrastructure/postgres/driver_repository.go:148.16,150.3 1 0
evik/backend/internal/infrastructure/postgres/driver_repository.go:151.2,154.18 3 0
evik/backend/internal/infrastructure/postgres/driver_repository.go:154.18,166.17 2 0
evik/backend/internal/infrastructure/postgres/driver_repository.go:166.17,168.4 1 0
evik/backend/internal/infrastructure/postgres/driver_repository.go:169.3,170.34 2 0
evik/backend/internal/infrastructure/postgres/driver_repository.go:172.2,172.35 1 0
evik/backend/internal/infrastructure/postgres/driver_repository.go:172.35,174.3 1 0
evik/backend/internal/infrastructure/postgres/driver_repository.go:175.2,175.21 1 0
evik/backend/internal/infrastructure/postgres/driver_repository.go:182.118,183.31 1 0
evik/backend/internal/infrastructure/postgres/driver_repository.go:183.31,185.3 1 0
evik/backend/internal/infrastructure/postgres/driver_repository.go:187.2,209.16 3 0
evik/backend/internal/infrastructure/postgres/driver_repository.go:209.16,211.3 1 0
evik/backend/internal/infrastructure/postgres/driver_repository.go:212.2,215.18 3 0
evik/backend/internal/infrastructure/postgres/driver_repository.go:215.18,235.17 2 0
evik/backend/internal/infrastructure/postgres/driver_repository.go:235.17,237.4 1 0
evik/backend/internal/infrastructure/postgres/driver_repository.go:238.3,239.40 2 0
evik/backend/internal/infrastructure/postgres/driver_repository.go:241.2,241.35 1 0
evik/backend/internal/infrastructure/postgres/driver_repository.go:241.35,243.3 1 0
evik/backend/internal/infrastructure/postgres/driver_repository.go:244.2,244.22 1 0
evik/backend/internal/infrastructure/postgres/driver_repository.go:247.86,249.16 2 0
evik/backend/internal/infrastructure/postgres/driver_repository.go:249.16,250.53 1 0
evik/backend/internal/infrastructure/postgres/driver_repository.go:250.53,252.4 1 0
evik/backend/internal/infrastructure/postgres/driver_repository.go:253.3,253.20 1 0
evik/backend/internal/infrastructure/postgres/driver_repository.go:255.2,255.31 1 0
evik/backend/internal/infrastructure/postgres/driver_repository.go:258.139,285.16 4 0
evik/backend/internal/infrastructure/postgres/driver_repository.go:285.16,286.36 1 0
evik/backend/internal/infrastructure/postgres/driver_repository.go:286.36,288.4 1 0
evik/backend/internal/infrastructure/postgres/driver_repository.go:289.3,289.18 1 0
evik/backend/internal/infrastructure/postgres/driver_repository.go:291.2,292.18 2 0
evik/backend/internal/infrastructure/postgres/driver_repository.go:295.116,302.2 3 0
evik/backend/internal/infrastructure/postgres/driver_repository.go:304.161,306.16 2 0
evik/backend/internal/infrastructure/postgres/driver_repository.go:306.16,308.3 1 0
evik/backend/internal/infrastructure/postgres/driver_repository.go:309.2,309.22 1 0
evik/backend/internal/infrastructure/postgres/driver_repository.go:309.22,311.3 1 0
evik/backend/internal/infrastructure/postgres/driver_repository.go:313.2,315.27 3 0
evik/backend/internal/infrastructure/postgres/driver_repository.go:315.27,318.3 2 0
evik/backend/internal/infrastructure/postgres/driver_repository.go:320.2,323.25 4 0
evik/backend/internal/infrastructure/postgres/driver_repository.go:323.25,326.3 2 0
evik/backend/internal/infrastructure/postgres/driver_repository.go:328.2,334.16 3 0
evik/backend/internal/infrastructure/postgres/driver_repository.go:334.16,336.3 1 0
evik/backend/internal/infrastructure/postgres/driver_repository.go:337.2,340.18 3 0
evik/backend/internal/infrastructure/postgres/driver_repository.go:340.18,350.17 3 0
evik/backend/internal/infrastructure/postgres/driver_repository.go:350.17,352.4 1 0
evik/backend/internal/infrastructure/postgres/driver_repository.go:353.3,354.31 2 0
evik/backend/internal/infrastructure/postgres/driver_repository.go:356.2,356.35 1 0
evik/backend/internal/infrastructure/postgres/driver_repository.go:356.35,358.3 1 0
evik/backend/internal/infrastructure/postgres/driver_repository.go:360.2,360.41 1 0
evik/backend/internal/infrastructure/postgres/driver_repository.go:360.41,362.3 1 0
evik/backend/internal/infrastructure/postgres/driver_repository.go:364.2,364.38 1 0
evik/backend/internal/infrastructure/postgres/driver_repository.go:364.38,366.3 1 0
evik/backend/internal/infrastructure/postgres/driver_repository.go:368.2,368.20 1 0
evik/backend/internal/infrastructure/postgres/driver_verification_repository.go:15.80,17.2 1 0
evik/backend/internal/infrastructure/postgres/driver_verification_repository.go:19.140,36.16 6 0
evik/backend/internal/infrastructure/postgres/driver_verification_repository.go:36.16,37.27 1 0
evik/backend/internal/infrastructure/postgres/driver_verification_repository.go:37.27,39.4 1 0
evik/backend/internal/infrastructure/postgres/driver_verification_repository.go:40.3,40.18 1 0
evik/backend/internal/infrastructure/postgres/driver_verification_repository.go:43.2,55.16 5 0
evik/backend/internal/infrastructure/postgres/driver_verification_repository.go:55.16,57.3 1 0
evik/backend/internal/infrastructure/postgres/driver_verification_repository.go:58.2,61.18 3 0
evik/backend/internal/infrastructure/postgres/driver_verification_repository.go:61.18,65.84 3 0
evik/backend/internal/infrastructure/postgres/driver_verification_repository.go:65.84,67.4 1 0
evik/backend/internal/infrastructure/postgres/driver_verification_repository.go:69.3,73.4 1 0
evik/backend/internal/infrastructure/postgres/driver_verification_repository.go:76.2,76.35 1 0
evik/backend/internal/infrastructure/postgres/driver_verification_repository.go:76.35,78.3 1 0
evik/backend/internal/infrastructure/postgres/driver_verification_repository.go:80.2,87.8 1 0
evik/backend/internal/infrastructure/postgres/driver_verification_repository.go:91.143,93.16 2 0
evik/backend/internal/infrastructure/postgres/driver_verification_repository.go:93.16,95.3 1 0
evik/backend/internal/infrastructure/postgres/driver_verification_repository.go:96.2,108.99 4 0
evik/backend/internal/infrastructure/postgres/driver_verification_repository.go:108.99,110.3 1 0
evik/backend/internal/infrastructure/postgres/driver_verification_repository.go:113.2,114.80 2 0
evik/backend/internal/infrastructure/postgres/driver_verification_repository.go:114.80,116.3 1 0
evik/backend/internal/infrastructure/postgres/driver_verification_repository.go:119.2,119.42 1 0
evik/backend/internal/infrastructure/postgres/driver_verification_repository.go:119.42,124.143 2 0
evik/backend/internal/infrastructure/postgres/driver_verification_repository.go:124.143,126.4 1 0
evik/backend/internal/infrastructure/postgres/driver_verification_repository.go:130.2,134.75 2 0
evik/backend/internal/infrastructure/postgres/driver_verification_repository.go:134.75,136.3 1 0
evik/backend/internal/infrastructure/postgres/driver_verification_repository.go:138.2,138.20 1 0
evik/backend/internal/infrastructure/postgres/order_repository.go:17.54,19.2 1 1
evik/backend/internal/infrastructure/postgres/order_repository.go:21.85,52.2 3 0
evik/backend/internal/infrastructure/postgres/order_repository.go:54.44,55.13 1 0
evik/backend/internal/infrastructure/postgres/order_repository.go:55.13,57.3 1 0
evik/backend/internal/infrastructure/postgres/order_repository.go:58.2,58.47 1 0
evik/backend/internal/infrastructure/postgres/order_repository.go:61.51,62.14 1 1
evik/backend/internal/infrastructure/postgres/order_repository.go:62.14,64.3 1 1
evik/backend/internal/infrastructure/postgres/order_repository.go:65.2,65.11 1 1
evik/backend/internal/infrastructure/postgres/order_repository.go:68.85,75.2 3 0
evik/backend/internal/infrastructure/postgres/order_repository.go:81.114,133.16 4 1
evik/backend/internal/infrastructure/postgres/order_repository.go:133.16,134.36 1 1
evik/backend/internal/infrastructure/postgres/order_repository.go:134.36,136.4 1 1
evik/backend/internal/infrastructure/postgres/order_repository.go:137.3,137.18 1 0
evik/backend/internal/infrastructure/postgres/order_repository.go:139.2,144.18 6 1
evik/backend/internal/infrastructure/postgres/order_repository.go:144.18,146.3 1 0
evik/backend/internal/infrastructure/postgres/order_repository.go:147.2,147.22 1 1
evik/backend/internal/infrastructure/postgres/order_repository.go:147.22,150.3 2 0
evik/backend/internal/infrastructure/postgres/order_repository.go:151.2,151.18 1 1
evik/backend/internal/infrastructure/postgres/order_repository.go:156.114,165.35 4 0
evik/backend/internal/infrastructure/postgres/order_repository.go:165.35,167.3 1 0
evik/backend/internal/infrastructure/postgres/order_repository.go:168.2,168.16 1 0
evik/backend/internal/infrastructure/postgres/order_repository.go:168.16,170.3 1 0
evik/backend/internal/infrastructure/postgres/order_repository.go:171.2,171.18 1 0
evik/backend/internal/infrastructure/postgres/order_repository.go:175.98,180.2 2 0
evik/backend/internal/infrastructure/postgres/order_repository.go:182.95,224.16 4 1
evik/backend/internal/infrastructure/postgres/order_repository.go:224.16,225.36 1 0
evik/backend/internal/infrastructure/postgres/order_repository.go:225.36,227.4 1 0
evik/backend/internal/infrastructure/postgres/order_repository.go:228.3,228.18 1 0
evik/backend/internal/infrastructure/postgres/order_repository.go:230.2,235.18 6 1
evik/backend/internal/infrastructure/postgres/order_repository.go:235.18,237.3 1 0
evik/backend/internal/infrastructure/postgres/order_repository.go:238.2,238.22 1 1
evik/backend/internal/infrastructure/postgres/order_repository.go:238.22,241.3 2 0
evik/backend/internal/infrastructure/postgres/order_repository.go:242.2,243.18 2 1
evik/backend/internal/infrastructure/postgres/order_repository.go:246.129,247.16 1 0
evik/backend/internal/infrastructure/postgres/order_repository.go:247.16,249.3 1 0
evik/backend/internal/infrastructure/postgres/order_repository.go:251.2,259.16 3 0
evik/backend/internal/infrastructure/postgres/order_repository.go:259.16,261.3 1 0
evik/backend/internal/infrastructure/postgres/order_repository.go:262.2,265.18 3 0
evik/backend/internal/infrastructure/postgres/order_repository.go:265.18,299.17 2 0
evik/backend/internal/infrastructure/postgres/order_repository.go:299.17,301.4 1 0
evik/backend/internal/infrastructure/postgres/order_repository.go:302.3,307.19 6 0
evik/backend/internal/infrastructure/postgres/order_repository.go:307.19,309.4 1 0
evik/backend/internal/infrastructure/postgres/order_repository.go:310.3,310.23 1 0
evik/backend/internal/infrastructure/postgres/order_repository.go:310.23,313.4 2 0
evik/backend/internal/infrastructure/postgres/order_repository.go:314.3,314.32 1 0
evik/backend/internal/infrastructure/postgres/order_repository.go:316.2,316.35 1 0
evik/backend/internal/infrastructure/postgres/order_repository.go:316.35,318.3 1 0
evik/backend/internal/infrastructure/postgres/order_repository.go:319.2,319.20 1 0
evik/backend/internal/infrastructure/postgres/order_repository.go:322.151,323.16 1 0
evik/backend/internal/infrastructure/postgres/order_repository.go:323.16,325.3 1 0
evik/backend/internal/infrastructure/postgres/order_repository.go:326.2,332.65 2 0
evik/backend/internal/infrastructure/postgres/order_repository.go:335.144,336.16 1 0
evik/backend/internal/infrastructure/postgres/order_repository.go:336.16,338.3 1 0
evik/backend/internal/infrastructure/postgres/order_repository.go:339.2,344.18 3 0
evik/backend/internal/infrastructure/postgres/order_repository.go:344.18,347.3 2 0
evik/backend/internal/infrastructure/postgres/order_repository.go:347.8,350.3 2 0
evik/backend/internal/infrastructure/postgres/order_repository.go:351.2,351.42 1 0
evik/backend/internal/infrastructure/postgres/order_repository.go:354.148,355.16 1 0
evik/backend/internal/infrastructure/postgres/order_repository.go:355.16,357.3 1 0
evik/backend/internal/infrastructure/postgres/order_repository.go:358.2,363.18 3 0
evik/backend/internal/infrastructure/postgres/order_repository.go:363.18,366.3 2 0
evik/backend/internal/infrastructure/postgres/order_repository.go:366.8,369.3 2 0
evik/backend/internal/infrastructure/postgres/order_repository.go:370.2,370.42 1 0
evik/backend/internal/infrastructure/postgres/order_repository.go:375.136,376.16 1 0
evik/backend/internal/infrastructure/postgres/order_repository.go:376.16,378.3 1 0
evik/backend/internal/infrastructure/postgres/order_repository.go:379.2,385.52 2 0
evik/backend/internal/infrastructure/postgres/order_repository.go:390.111,391.16 1 0
evik/backend/internal/infrastructure/postgres/order_repository.go:391.16,393.3 1 0
evik/backend/internal/infrastructure/postgres/order_repository.go:394.2,400.41 2 0
evik/backend/internal/infrastructure/postgres/order_repository.go:404.117,406.16 2 0
evik/backend/internal/infrastructure/postgres/order_repository.go:406.16,408.3 1 0
evik/backend/internal/infrastructure/postgres/order_repository.go:409.2,410.27 2 0
evik/backend/internal/infrastructure/postgres/order_repository.go:413.116,415.2 1 0
evik/backend/internal/infrastructure/postgres/order_repository.go:417.84,419.18 2 0
evik/backend/internal/infrastructure/postgres/order_repository.go:419.18,453.17 2 0
evik/backend/internal/infrastructure/postgres/order_repository.go:453.17,455.4 1 0
evik/backend/internal/infrastructure/postgres/order_repository.go:456.3,461.19 6 0
evik/backend/internal/infrastructure/postgres/order_repository.go:461.19,463.4 1 0
evik/backend/internal/infrastructure/postgres/order_repository.go:464.3,464.23 1 0
evik/backend/internal/infrastructure/postgres/order_repository.go:464.23,467.4 2 0
evik/backend/internal/infrastructure/postgres/order_repository.go:468.3,468.32 1 0
evik/backend/internal/infrastructure/postgres/order_repository.go:470.2,470.27 1 0
evik/backend/internal/infrastructure/postgres/order_repository.go:478.150,480.16 2 0
evik/backend/internal/infrastructure/postgres/order_repository.go:480.16,482.3 1 0
evik/backend/internal/infrastructure/postgres/order_repository.go:483.2,483.17 1 0
evik/backend/internal/infrastructure/postgres/order_repository.go:483.17,485.3 1 0
evik/backend/internal/infrastructure/postgres/order_repository.go:486.2,487.16 2 0
evik/backend/internal/infrastructure/postgres/order_repository.go:487.16,489.3 1 0
evik/backend/internal/infrastructure/postgres/order_repository.go:491.2,493.38 3 0
evik/backend/internal/infrastructure/postgres/order_repository.go:493.38,496.3 2 0
evik/backend/internal/infrastructure/postgres/order_repository.go:497.2,497.52 1 0
evik/backend/internal/infrastructure/postgres/order_repository.go:497.52,499.3 1 0
evik/backend/internal/infrastructure/postgres/order_repository.go:500.2,500.59 1 0
evik/backend/internal/infrastructure/postgres/order_repository.go:500.59,502.3 1 0
evik/backend/internal/infrastructure/postgres/order_repository.go:503.2,503.61 1 0
evik/backend/internal/infrastructure/postgres/order_repository.go:503.61,505.3 1 0
evik/backend/internal/infrastructure/postgres/order_repository.go:506.2,506.54 1 0
evik/backend/internal/infrastructure/postgres/order_repository.go:506.54,508.3 1 0
evik/backend/internal/infrastructure/postgres/order_repository.go:509.2,509.54 1 0
evik/backend/internal/infrastructure/postgres/order_repository.go:509.54,511.3 1 0
evik/backend/internal/infrastructure/postgres/order_repository.go:512.2,512.24 1 0
evik/backend/internal/infrastructure/postgres/order_repository.go:512.24,514.3 1 0
evik/backend/internal/infrastructure/postgres/order_repository.go:515.2,515.22 1 0
evik/backend/internal/infrastructure/postgres/order_repository.go:515.22,517.3 1 0
evik/backend/internal/infrastructure/postgres/order_repository.go:519.2,520.20 2 0
evik/backend/internal/infrastructure/postgres/order_repository.go:520.20,522.3 1 0
evik/backend/internal/infrastructure/postgres/order_repository.go:525.2,527.84 3 0
evik/backend/internal/infrastructure/postgres/order_repository.go:527.84,529.3 1 0
evik/backend/internal/infrastructure/postgres/order_repository.go:535.2,575.16 4 0
evik/backend/internal/infrastructure/postgres/order_repository.go:575.16,577.3 1 0
evik/backend/internal/infrastructure/postgres/order_repository.go:578.2,581.18 3 0
evik/backend/internal/infrastructure/postgres/order_repository.go:581.18,606.17 2 0
evik/backend/internal/infrastructure/postgres/order_repository.go:606.17,608.4 1 0
evik/backend/internal/infrastructure/postgres/order_repository.go:609.3,609.21 1 0
evik/backend/internal/infrastructure/postgres/order_repository.go:609.21,611.4 1 0
evik/backend/internal/infrastructure/postgres/order_repository.go:612.3,612.24 1 0
evik/backend/internal/infrastructure/postgres/order_repository.go:612.24,615.4 2 0
evik/backend/internal/infrastructure/postgres/order_repository.go:616.3,616.24 1 0
evik/backend/internal/infrastructure/postgres/order_repository.go:616.24,619.4 2 0
evik/backend/internal/infrastructure/postgres/order_repository.go:620.3,620.30 1 0
evik/backend/internal/infrastructure/postgres/order_repository.go:622.2,622.33 1 0
evik/backend/internal/infrastructure/postgres/order_repository.go:629.125,706.16 4 0
evik/backend/internal/infrastructure/postgres/order_repository.go:706.16,707.36 1 0
evik/backend/internal/infrastructure/postgres/order_repository.go:707.36,709.4 1 0
evik/backend/internal/infrastructure/postgres/order_repository.go:710.3,710.18 1 0
evik/backend/internal/infrastructure/postgres/order_repository.go:712.2,712.20 1 0
evik/backend/internal/infrastructure/postgres/order_repository.go:712.20,714.3 1 0
evik/backend/internal/infrastructure/postgres/order_repository.go:715.2,715.23 1 0
evik/backend/internal/infrastructure/postgres/order_repository.go:715.23,718.3 2 0
evik/backend/internal/infrastructure/postgres/order_repository.go:719.2,719.23 1 0
evik/backend/internal/infrastructure/postgres/order_repository.go:719.23,722.3 2 0
evik/backend/internal/infrastructure/postgres/order_repository.go:723.2,730.89 3 0
evik/backend/internal/infrastructure/postgres/order_repository.go:730.89,734.3 1 0
evik/backend/internal/infrastructure/postgres/order_repository.go:735.2,735.29 1 0
evik/backend/internal/infrastructure/postgres/order_repository.go:735.29,739.3 1 0
evik/backend/internal/infrastructure/postgres/order_repository.go:740.2,740.29 1 0
evik/backend/internal/infrastructure/postgres/order_repository.go:740.29,744.3 1 0
evik/backend/internal/infrastructure/postgres/order_repository.go:747.2,765.16 5 0
evik/backend/internal/infrastructure/postgres/order_repository.go:765.16,766.19 1 0
evik/backend/internal/infrastructure/postgres/order_repository.go:766.19,769.4 2 0
evik/backend/internal/infrastructure/postgres/order_repository.go:770.3,770.29 1 0
evik/backend/internal/infrastructure/postgres/order_repository.go:771.8,771.43 1 0
evik/backend/internal/infrastructure/postgres/order_repository.go:771.43,773.3 1 0
evik/backend/internal/infrastructure/postgres/order_repository.go:776.2,782.16 3 0
evik/backend/internal/infrastructure/postgres/order_repository.go:782.16,784.3 1 0
evik/backend/internal/infrastructure/postgres/order_repository.go:785.2,787.20 3 0
evik/backend/internal/infrastructure/postgres/order_repository.go:787.20,789.156 2 0
evik/backend/internal/infrastructure/postgres/order_repository.go:789.156,791.4 1 0
evik/backend/internal/infrastructure/postgres/order_repository.go:792.3,792.72 1 0
evik/backend/internal/infrastructure/postgres/order_repository.go:794.2,794.37 1 0
evik/backend/internal/infrastructure/postgres/order_repository.go:794.37,796.3 1 0
evik/backend/internal/infrastructure/postgres/order_repository.go:802.2,802.25 1 0
evik/backend/internal/infrastructure/postgres/order_repository.go:802.25,807.17 3 0
evik/backend/internal/infrastructure/postgres/order_repository.go:807.17,809.4 1 0
evik/backend/internal/infrastructure/postgres/order_repository.go:810.3,812.21 3 0
evik/backend/internal/infrastructure/postgres/order_repository.go:812.21,814.43 2 0
evik/backend/internal/infrastructure/postgres/order_repository.go:814.43,816.5 1 0
evik/backend/internal/infrastructure/postgres/order_repository.go:817.4,817.35 1 0
evik/backend/internal/infrastructure/postgres/order_repository.go:817.35,819.5 1 0
evik/backend/internal/infrastructure/postgres/order_repository.go:821.3,821.38 1 0
evik/backend/internal/infrastructure/postgres/order_repository.go:821.38,823.4 1 0
evik/backend/internal/infrastructure/postgres/order_repository.go:824.3,824.26 1 0
evik/backend/internal/infrastructure/postgres/order_repository.go:824.26,827.135 3 0
evik/backend/internal/infrastructure/postgres/order_repository.go:827.135,829.5 1 0
evik/backend/internal/infrastructure/postgres/order_repository.go:829.10,829.45 1 0
evik/backend/internal/infrastructure/postgres/order_repository.go:829.45,831.5 1 0
evik/backend/internal/infrastructure/postgres/order_repository.go:836.2,836.28 1 0
evik/backend/internal/infrastructure/postgres/order_repository.go:836.28,843.17 3 0
evik/backend/internal/infrastructure/postgres/order_repository.go:843.17,845.4 1 0
evik/backend/internal/infrastructure/postgres/order_repository.go:846.3,847.20 2 0
evik/backend/internal/infrastructure/postgres/order_repository.go:847.20,849.123 2 0
evik/backend/internal/infrastructure/postgres/order_repository.go:849.123,851.5 1 0
evik/backend/internal/infrastructure/postgres/order_repository.go:852.4,852.51 1 0
evik/backend/internal/infrastructure/postgres/order_repository.go:854.3,854.37 1 0
evik/backend/internal/infrastructure/postgres/order_repository.go:854.37,856.4 1 0
evik/backend/internal/infrastructure/postgres/order_repository.go:860.2,867.22 2 0
evik/backend/internal/infrastructure/postgres/order_repository.go:871.27,872.11 1 0
evik/backend/internal/infrastructure/postgres/order_repository.go:873.9,874.14 1 0
evik/backend/internal/infrastructure/postgres/order_repository.go:875.9,876.14 1 0
evik/backend/internal/infrastructure/postgres/order_repository.go:877.9,878.14 1 0
evik/backend/internal/infrastructure/postgres/order_repository.go:879.9,880.14 1 0
evik/backend/internal/infrastructure/postgres/order_repository.go:881.9,882.14 1 0
evik/backend/internal/infrastructure/postgres/order_repository.go:883.9,884.14 1 0
evik/backend/internal/infrastructure/postgres/order_repository.go:885.9,886.14 1 0
evik/backend/internal/infrastructure/postgres/order_repository.go:887.9,888.14 1 0
evik/backend/internal/infrastructure/postgres/order_repository.go:889.9,890.14 1 0
evik/backend/internal/infrastructure/postgres/order_repository.go:891.10,892.15 1 0
evik/backend/internal/infrastructure/postgres/order_repository.go:895.2,896.78 2 0
evik/backend/internal/infrastructure/postgres/order_repository.go:896.78,898.3 1 0
evik/backend/internal/infrastructure/postgres/order_repository.go:900.2,901.12 2 0
evik/backend/internal/infrastructure/postgres/order_repository.go:901.12,904.3 2 0
evik/backend/internal/infrastructure/postgres/order_repository.go:905.2,906.20 2 0
evik/backend/internal/infrastructure/postgres/payment_repository.go:20.58,22.2 1 1
evik/backend/internal/infrastructure/postgres/payment_repository.go:24.116,32.16 2 0
evik/backend/internal/infrastructure/postgres/payment_repository.go:32.16,34.3 1 0
evik/backend/internal/infrastructure/postgres/payment_repository.go:35.2,38.18 3 0
evik/backend/internal/infrastructure/postgres/payment_repository.go:38.18,56.17 4 0
evik/backend/internal/infrastructure/postgres/payment_repository.go:56.17,58.4 1 0
evik/backend/internal/infrastructure/postgres/payment_repository.go:59.3,63.36 5 0
evik/backend/internal/infrastructure/postgres/payment_repository.go:65.2,65.28 1 0
evik/backend/internal/infrastructure/postgres/payment_repository.go:68.102,70.16 2 0
evik/backend/internal/infrastructure/postgres/payment_repository.go:70.16,72.3 1 0
evik/backend/internal/infrastructure/postgres/payment_repository.go:73.2,76.157 3 0
evik/backend/internal/infrastructure/postgres/payment_repository.go:76.157,78.3 1 0
evik/backend/internal/infrastructure/postgres/payment_repository.go:79.2,79.27 1 0
evik/backend/internal/infrastructure/postgres/payment_repository.go:79.27,81.3 1 0
evik/backend/internal/infrastructure/postgres/payment_repository.go:82.2,82.25 1 0
evik/backend/internal/infrastructure/postgres/payment_repository.go:82.25,84.3 1 0
evik/backend/internal/infrastructure/postgres/payment_repository.go:85.2,86.15 2 0
evik/backend/internal/infrastructure/postgres/payment_repository.go:86.15,87.153 1 0
evik/backend/internal/infrastructure/postgres/payment_repository.go:87.153,89.4 1 0
evik/backend/internal/infrastructure/postgres/payment_repository.go:92.2,96.16 2 0
evik/backend/internal/infrastructure/postgres/payment_repository.go:96.16,98.3 1 0
evik/backend/internal/infrastructure/postgres/payment_repository.go:99.2,99.20 1 0
evik/backend/internal/infrastructure/postgres/payment_repository.go:102.175,104.16 2 0
evik/backend/internal/infrastructure/postgres/payment_repository.go:104.16,106.3 1 0
evik/backend/internal/infrastructure/postgres/payment_repository.go:107.2,109.27 2 0
evik/backend/internal/infrastructure/postgres/payment_repository.go:109.27,111.3 1 0
evik/backend/internal/infrastructure/postgres/payment_repository.go:112.2,112.25 1 0
evik/backend/internal/infrastructure/postgres/payment_repository.go:112.25,114.3 1 0
evik/backend/internal/infrastructure/postgres/payment_repository.go:115.2,120.16 2 0
evik/backend/internal/infrastructure/postgres/payment_repository.go:120.16,122.3 1 0
evik/backend/internal/infrastructure/postgres/payment_repository.go:123.2,134.16 2 0
evik/backend/internal/infrastructure/postgres/payment_repository.go:134.16,136.3 1 0
evik/backend/internal/infrastructure/postgres/payment_repository.go:137.2,137.36 1 0
evik/backend/internal/infrastructure/postgres/payment_repository.go:137.36,139.3 1 0
evik/backend/internal/infrastructure/postgres/payment_repository.go:140.2,141.36 2 0
evik/backend/internal/infrastructure/postgres/payment_repository.go:141.36,143.3 1 0
evik/backend/internal/infrastructure/postgres/payment_repository.go:144.2,147.8 1 0
evik/backend/internal/infrastructure/postgres/payment_repository.go:150.137,152.16 2 0
evik/backend/internal/infrastructure/postgres/payment_repository.go:152.16,154.3 1 0
evik/backend/internal/infrastructure/postgres/payment_repository.go:155.2,160.48 3 0
evik/backend/internal/infrastructure/postgres/payment_repository.go:160.48,162.3 1 0
evik/backend/internal/infrastructure/postgres/payment_repository.go:163.2,163.13 1 0
evik/backend/internal/infrastructure/postgres/payment_repository.go:163.13,165.3 1 0
evik/backend/internal/infrastructure/postgres/payment_repository.go:167.2,167.145 1 0
evik/backend/internal/infrastructure/postgres/payment_repository.go:167.145,169.3 1 0
evik/backend/internal/infrastructure/postgres/payment_repository.go:170.2,170.166 1 0
evik/backend/internal/infrastructure/postgres/payment_repository.go:170.166,172.3 1 0
evik/backend/internal/infrastructure/postgres/payment_repository.go:174.2,196.35 5 0
evik/backend/internal/infrastructure/postgres/payment_repository.go:196.35,198.3 1 0
evik/backend/internal/infrastructure/postgres/payment_repository.go:199.2,199.16 1 0
evik/backend/internal/infrastructure/postgres/payment_repository.go:199.16,201.3 1 0
evik/backend/internal/infrastructure/postgres/payment_repository.go:202.2,206.36 5 0
evik/backend/internal/infrastructure/postgres/payment_repository.go:206.36,208.3 1 0
evik/backend/internal/infrastructure/postgres/payment_repository.go:209.2,209.21 1 0
evik/backend/internal/infrastructure/postgres/payment_repository.go:212.101,214.16 2 0
evik/backend/internal/infrastructure/postgres/payment_repository.go:214.16,216.3 1 0
evik/backend/internal/infrastructure/postgres/payment_repository.go:217.2,223.35 4 0
evik/backend/internal/infrastructure/postgres/payment_repository.go:223.35,225.3 1 0
evik/backend/internal/infrastructure/postgres/payment_repository.go:226.2,226.16 1 0
evik/backend/internal/infrastructure/postgres/payment_repository.go:226.16,228.3 1 0
evik/backend/internal/infrastructure/postgres/payment_repository.go:230.2,232.34 1 0
evik/backend/internal/infrastructure/postgres/payment_repository.go:232.34,234.3 1 0
evik/backend/internal/infrastructure/postgres/payment_repository.go:236.2,236.16 1 0
evik/backend/internal/infrastructure/postgres/payment_repository.go:236.16,247.24 1 0
evik/backend/internal/infrastructure/postgres/payment_repository.go:247.24,249.4 1 0
evik/backend/internal/infrastructure/postgres/payment_repository.go:252.2,252.20 1 0
evik/backend/internal/infrastructure/postgres/payment_repository.go:255.137,264.16 2 0
evik/backend/internal/infrastructure/postgres/payment_repository.go:264.16,266.3 1 0
evik/backend/internal/infrastructure/postgres/payment_repository.go:267.2,270.18 3 0
evik/backend/internal/infrastructure/postgres/payment_repository.go:270.18,280.17 2 0
evik/backend/internal/infrastructure/postgres/payment_repository.go:280.17,282.4 1 0
evik/backend/internal/infrastructure/postgres/payment_repository.go:283.3,283.51 1 0
evik/backend/internal/infrastructure/postgres/payment_repository.go:285.2,285.33 1 0
evik/backend/internal/infrastructure/postgres/payment_repository.go:288.151,289.16 1 0
evik/backend/internal/infrastructure/postgres/payment_repository.go:289.16,291.3 1 0
evik/backend/internal/infrastructure/postgres/payment_repository.go:292.2,301.16 2 0
evik/backend/internal/infrastructure/postgres/payment_repository.go:301.16,303.3 1 0
evik/backend/internal/infrastructure/postgres/payment_repository.go:304.2,307.18 3 0
evik/backend/internal/infrastructure/postgres/payment_repository.go:307.18,317.17 2 0
evik/backend/internal/infrastructure/postgres/payment_repository.go:317.17,319.4 1 0
evik/backend/internal/infrastructure/postgres/payment_repository.go:320.3,320.51 1 0
evik/backend/internal/infrastructure/postgres/payment_repository.go:322.2,322.33 1 0
evik/backend/internal/infrastructure/postgres/payment_repository.go:325.121,341.16 3 0
evik/backend/internal/infrastructure/postgres/payment_repository.go:341.16,343.3 1 0
evik/backend/internal/infrastructure/postgres/payment_repository.go:344.2,345.12 2 0
evik/backend/internal/infrastructure/postgres/payment_repository.go:348.127,350.16 2 0
evik/backend/internal/infrastructure/postgres/payment_repository.go:350.16,352.3 1 0
evik/backend/internal/infrastructure/postgres/payment_repository.go:353.2,367.16 4 0
evik/backend/internal/infrastructure/postgres/payment_repository.go:367.16,369.3 1 0
evik/backend/internal/infrastructure/postgres/payment_repository.go:370.2,370.22 1 0
evik/backend/internal/infrastructure/postgres/payment_repository.go:370.22,371.202 1 0
evik/backend/internal/infrastructure/postgres/payment_repository.go:371.202,373.4 1 0
evik/backend/internal/infrastructure/postgres/payment_repository.go:375.2,375.36 1 0
evik/backend/internal/infrastructure/postgres/payment_repository.go:375.36,377.3 1 0
evik/backend/internal/infrastructure/postgres/payment_repository.go:378.2,378.21 1 0
evik/backend/internal/infrastructure/postgres/payment_repository.go:381.165,383.16 2 0
evik/backend/internal/infrastructure/postgres/payment_repository.go:383.16,385.3 1 0
evik/backend/internal/infrastructure/postgres/payment_repository.go:386.2,400.16 3 0
evik/backend/internal/infrastructure/postgres/payment_repository.go:400.16,402.3 1 0
evik/backend/internal/infrastructure/postgres/payment_repository.go:403.2,408.16 2 0
evik/backend/internal/infrastructure/postgres/payment_repository.go:408.16,410.3 1 0
evik/backend/internal/infrastructure/postgres/payment_repository.go:411.2,411.36 1 0
evik/backend/internal/infrastructure/postgres/payment_repository.go:411.36,413.3 1 0
evik/backend/internal/infrastructure/postgres/payment_repository.go:414.2,414.21 1 0
evik/backend/internal/infrastructure/postgres/payment_repository.go:417.111,419.35 2 0
evik/backend/internal/infrastructure/postgres/payment_repository.go:419.35,421.3 1 0
evik/backend/internal/infrastructure/postgres/payment_repository.go:422.2,422.15 1 0
evik/backend/internal/infrastructure/postgres/payment_repository.go:425.118,427.35 2 0
evik/backend/internal/infrastructure/postgres/payment_repository.go:427.35,429.3 1 0
evik/backend/internal/infrastructure/postgres/payment_repository.go:430.2,430.15 1 0
evik/backend/internal/infrastructure/postgres/payment_repository.go:433.153,435.10 2 0
evik/backend/internal/infrastructure/postgres/payment_repository.go:435.10,437.3 1 0
evik/backend/internal/infrastructure/postgres/payment_repository.go:438.2,445.35 2 0
evik/backend/internal/infrastructure/postgres/payment_repository.go:445.35,447.3 1 0
evik/backend/internal/infrastructure/postgres/payment_repository.go:448.2,448.15 1 0
evik/backend/internal/infrastructure/postgres/payment_repository.go:451.130,458.35 3 0
evik/backend/internal/infrastructure/postgres/payment_repository.go:458.35,460.3 1 0
evik/backend/internal/infrastructure/postgres/payment_repository.go:461.2,461.22 1 0
evik/backend/internal/infrastructure/postgres/payment_repository.go:464.93,467.2 2 0
evik/backend/internal/infrastructure/postgres/payment_repository.go:469.193,471.16 2 0
evik/backend/internal/infrastructure/postgres/payment_repository.go:471.16,473.3 1 0
evik/backend/internal/infrastructure/postgres/payment_repository.go:474.2,483.60 4 0
evik/backend/internal/infrastructure/postgres/payment_repository.go:483.60,484.36 1 0
evik/backend/internal/infrastructure/postgres/payment_repository.go:484.36,486.4 1 0
evik/backend/internal/infrastructure/postgres/payment_repository.go:487.3,487.13 1 0
evik/backend/internal/infrastructure/postgres/payment_repository.go:490.2,491.156 2 0
evik/backend/internal/infrastructure/postgres/payment_repository.go:491.156,493.3 1 0
evik/backend/internal/infrastructure/postgres/payment_repository.go:494.2,495.15 2 0
evik/backend/internal/infrastructure/postgres/payment_repository.go:495.15,496.124 1 0
evik/backend/internal/infrastructure/postgres/payment_repository.go:496.124,498.4 1 0
evik/backend/internal/infrastructure/postgres/payment_repository.go:500.2,501.17 2 0
evik/backend/internal/infrastructure/postgres/payment_repository.go:501.17,503.3 1 0
evik/backend/internal/infrastructure/postgres/payment_repository.go:504.2,504.18 1 0
evik/backend/internal/infrastructure/postgres/payment_repository.go:504.18,506.3 1 0
evik/backend/internal/infrastructure/postgres/payment_repository.go:507.2,519.16 2 0
evik/backend/internal/infrastructure/postgres/payment_repository.go:519.16,521.3 1 0
evik/backend/internal/infrastructure/postgres/payment_repository.go:522.2,522.20 1 0
evik/backend/internal/infrastructure/postgres/payment_repository.go:525.149,527.16 2 1
evik/backend/internal/infrastructure/postgres/payment_repository.go:527.16,529.3 1 0
evik/backend/internal/infrastructure/postgres/payment_repository.go:530.2,533.157 3 1
evik/backend/internal/infrastructure/postgres/payment_repository.go:533.157,535.3 1 0
evik/backend/internal/infrastructure/postgres/payment_repository.go:536.2,536.12 1 1
evik/backend/internal/infrastructure/postgres/payment_repository.go:536.12,538.3 1 0
evik/backend/internal/infrastructure/postgres/payment_repository.go:540.2,552.35 6 1
evik/backend/internal/infrastructure/postgres/payment_repository.go:552.35,554.3 1 0
evik/backend/internal/infrastructure/postgres/payment_repository.go:555.2,555.16 1 1
evik/backend/internal/infrastructure/postgres/payment_repository.go:555.16,557.3 1 0
evik/backend/internal/infrastructure/postgres/payment_repository.go:558.2,558.46 1 1
evik/backend/internal/infrastructure/postgres/payment_repository.go:558.46,560.3 1 0
evik/backend/internal/infrastructure/postgres/payment_repository.go:561.2,561.50 1 1
evik/backend/internal/infrastructure/postgres/payment_repository.go:561.50,563.3 1 0
evik/backend/internal/infrastructure/postgres/payment_repository.go:565.2,568.35 4 1
evik/backend/internal/infrastructure/postgres/payment_repository.go:568.36,570.3 0 1
evik/backend/internal/infrastructure/postgres/payment_repository.go:570.8,570.23 1 1
evik/backend/internal/infrastructure/postgres/payment_repository.go:570.23,572.3 1 0
evik/backend/internal/infrastructure/postgres/payment_repository.go:573.2,573.134 1 1
evik/backend/internal/infrastructure/postgres/payment_repository.go:573.134,575.3 1 0
evik/backend/internal/infrastructure/postgres/payment_repository.go:577.2,578.16 2 1
evik/backend/internal/infrastructure/postgres/payment_repository.go:578.16,580.3 1 0
evik/backend/internal/infrastructure/postgres/payment_repository.go:582.2,587.16 5 1
evik/backend/internal/infrastructure/postgres/payment_repository.go:587.16,589.3 1 0
evik/backend/internal/infrastructure/postgres/payment_repository.go:590.2,590.12 1 1
evik/backend/internal/infrastructure/postgres/payment_repository.go:590.12,592.3 1 1
evik/backend/internal/infrastructure/postgres/payment_repository.go:594.2,597.38 3 1
evik/backend/internal/infrastructure/postgres/payment_repository.go:597.38,599.3 1 0
evik/backend/internal/infrastructure/postgres/payment_repository.go:600.2,600.40 1 1
evik/backend/internal/infrastructure/postgres/payment_repository.go:600.40,602.3 1 0
evik/backend/internal/infrastructure/postgres/payment_repository.go:604.2,605.62 2 1
evik/backend/internal/infrastructure/postgres/payment_repository.go:605.62,606.180 1 1
evik/backend/internal/infrastructure/postgres/payment_repository.go:606.180,608.4 1 0
evik/backend/internal/infrastructure/postgres/payment_repository.go:609.3,609.328 1 1
evik/backend/internal/infrastructure/postgres/payment_repository.go:609.328,611.4 1 0
evik/backend/internal/infrastructure/postgres/payment_repository.go:612.3,613.17 2 1
evik/backend/internal/infrastructure/postgres/payment_repository.go:613.17,615.4 1 0
evik/backend/internal/infrastructure/postgres/payment_repository.go:616.3,616.21 1 1
evik/backend/internal/infrastructure/postgres/payment_repository.go:619.2,620.152 2 1
evik/backend/internal/infrastructure/postgres/payment_repository.go:620.152,622.3 1 0
evik/backend/internal/infrastructure/postgres/payment_repository.go:623.2,624.19 2 1
evik/backend/internal/infrastructure/postgres/payment_repository.go:624.19,625.179 1 0
evik/backend/internal/infrastructure/postgres/payment_repository.go:625.179,627.4 1 0
evik/backend/internal/infrastructure/postgres/payment_repository.go:628.3,628.316 1 0
evik/backend/internal/infrastructure/postgres/payment_repository.go:628.316,630.4 1 0
evik/backend/internal/infrastructure/postgres/payment_repository.go:632.2,633.17 2 1
evik/backend/internal/infrastructure/postgres/payment_repository.go:633.17,635.183 2 1
evik/backend/internal/infrastructure/postgres/payment_repository.go:635.183,637.4 1 0
evik/backend/internal/infrastructure/postgres/payment_repository.go:638.3,638.319 1 1
evik/backend/internal/infrastructure/postgres/payment_repository.go:638.319,640.4 1 0
evik/backend/internal/infrastructure/postgres/payment_repository.go:642.2,642.156 1 1
evik/backend/internal/infrastructure/postgres/payment_repository.go:642.156,644.3 1 0
evik/backend/internal/infrastructure/postgres/payment_repository.go:645.2,645.20 1 1
evik/backend/internal/infrastructure/postgres/payment_repository.go:648.117,656.2 3 1
evik/backend/internal/infrastructure/postgres/payment_repository.go:658.97,660.16 2 0
evik/backend/internal/infrastructure/postgres/payment_repository.go:660.16,662.3 1 0
evik/backend/internal/infrastructure/postgres/payment_repository.go:663.2,664.43 2 0
evik/backend/internal/infrastructure/postgres/payment_repository.go:664.43,665.72 1 0
evik/backend/internal/infrastructure/postgres/payment_repository.go:665.72,667.4 1 0
evik/backend/internal/infrastructure/postgres/payment_repository.go:668.3,668.10 1 0
evik/backend/internal/infrastructure/postgres/payment_repository.go:670.2,670.19 1 0
evik/backend/internal/infrastructure/postgres/payment_repository.go:673.138,674.16 1 0
evik/backend/internal/infrastructure/postgres/payment_repository.go:674.16,676.3 1 0
evik/backend/internal/infrastructure/postgres/payment_repository.go:677.2,683.16 2 0
evik/backend/internal/infrastructure/postgres/payment_repository.go:683.16,685.3 1 0
evik/backend/internal/infrastructure/postgres/payment_repository.go:686.2,688.18 3 0
evik/backend/internal/infrastructure/postgres/payment_repository.go:688.18,690.17 2 0
evik/backend/internal/infrastructure/postgres/payment_repository.go:690.17,692.4 1 0
evik/backend/internal/infrastructure/postgres/payment_repository.go:693.3,693.24 1 0
evik/backend/internal/infrastructure/postgres/payment_repository.go:695.2,695.24 1 0
evik/backend/internal/infrastructure/postgres/payment_repository.go:698.93,700.16 2 0
evik/backend/internal/infrastructure/postgres/payment_repository.go:700.16,702.3 1 0
evik/backend/internal/infrastructure/postgres/payment_repository.go:703.2,715.35 4 0
evik/backend/internal/infrastructure/postgres/payment_repository.go:715.35,717.3 1 0
evik/backend/internal/infrastructure/postgres/payment_repository.go:718.2,718.16 1 0
evik/backend/internal/infrastructure/postgres/payment_repository.go:718.16,720.3 1 0
evik/backend/internal/infrastructure/postgres/payment_repository.go:721.2,721.120 1 0
evik/backend/internal/infrastructure/postgres/payment_repository.go:721.120,723.3 1 0
evik/backend/internal/infrastructure/postgres/payment_repository.go:724.2,727.57 1 0
evik/backend/internal/infrastructure/postgres/payment_repository.go:727.57,729.3 1 0
evik/backend/internal/infrastructure/postgres/payment_repository.go:730.2,730.125 1 0
evik/backend/internal/infrastructure/postgres/payment_repository.go:730.125,732.3 1 0
evik/backend/internal/infrastructure/postgres/payment_repository.go:733.2,735.309 3 0
evik/backend/internal/infrastructure/postgres/payment_repository.go:735.309,737.3 1 0
evik/backend/internal/infrastructure/postgres/payment_repository.go:738.2,738.20 1 0
evik/backend/internal/infrastructure/postgres/payment_repository.go:741.120,743.16 2 1
evik/backend/internal/infrastructure/postgres/payment_repository.go:743.16,745.3 1 0
evik/backend/internal/infrastructure/postgres/payment_repository.go:746.2,748.16 3 1
evik/backend/internal/infrastructure/postgres/payment_repository.go:748.16,750.3 1 0
evik/backend/internal/infrastructure/postgres/payment_repository.go:751.2,752.16 2 1
evik/backend/internal/infrastructure/postgres/payment_repository.go:752.16,754.3 1 0
evik/backend/internal/infrastructure/postgres/payment_repository.go:755.2,755.23 1 1
evik/backend/internal/infrastructure/postgres/payment_repository.go:758.144,766.16 2 1
evik/backend/internal/infrastructure/postgres/payment_repository.go:766.16,768.3 1 0
evik/backend/internal/infrastructure/postgres/payment_repository.go:769.2,771.18 3 1
evik/backend/internal/infrastructure/postgres/payment_repository.go:771.18,773.17 2 1
evik/backend/internal/infrastructure/postgres/payment_repository.go:773.17,775.4 1 0
evik/backend/internal/infrastructure/postgres/payment_repository.go:776.3,776.24 1 1
evik/backend/internal/infrastructure/postgres/payment_repository.go:778.2,778.24 1 1
evik/backend/internal/infrastructure/postgres/payment_repository.go:781.122,785.16 2 0
evik/backend/internal/infrastructure/postgres/payment_repository.go:785.16,787.3 1 0
evik/backend/internal/infrastructure/postgres/payment_repository.go:788.2,790.18 3 0
evik/backend/internal/infrastructure/postgres/payment_repository.go:790.18,792.17 2 0
evik/backend/internal/infrastructure/postgres/payment_repository.go:792.17,794.4 1 0
evik/backend/internal/infrastructure/postgres/payment_repository.go:795.3,795.31 1 0
evik/backend/internal/infrastructure/postgres/payment_repository.go:797.2,797.28 1 0
evik/backend/internal/infrastructure/postgres/payment_repository.go:800.129,804.16 2 0
evik/backend/internal/infrastructure/postgres/payment_repository.go:804.16,806.3 1 0
evik/backend/internal/infrastructure/postgres/payment_repository.go:807.2,809.18 3 0
evik/backend/internal/infrastructure/postgres/payment_repository.go:809.18,812.140 3 0
evik/backend/internal/infrastructure/postgres/payment_repository.go:812.140,814.4 1 0
evik/backend/internal/infrastructure/postgres/payment_repository.go:815.3,816.31 2 0
evik/backend/internal/infrastructure/postgres/payment_repository.go:818.2,818.28 1 0
evik/backend/internal/infrastructure/postgres/payment_repository.go:821.113,823.16 2 0
evik/backend/internal/infrastructure/postgres/payment_repository.go:823.16,825.3 1 0
evik/backend/internal/infrastructure/postgres/payment_repository.go:826.2,828.145 3 0
evik/backend/internal/infrastructure/postgres/payment_repository.go:828.145,830.3 1 0
evik/backend/internal/infrastructure/postgres/payment_repository.go:831.2,832.15 2 0
evik/backend/internal/infrastructure/postgres/payment_repository.go:832.15,833.141 1 0
evik/backend/internal/infrastructure/postgres/payment_repository.go:833.141,835.4 1 0
evik/backend/internal/infrastructure/postgres/payment_repository.go:837.2,841.16 2 0
evik/backend/internal/infrastructure/postgres/payment_repository.go:841.16,843.3 1 0
evik/backend/internal/infrastructure/postgres/payment_repository.go:844.2,844.20 1 0
evik/backend/internal/infrastructure/postgres/payment_repository.go:847.147,849.16 2 1
evik/backend/internal/infrastructure/postgres/payment_repository.go:849.16,851.3 1 0
evik/backend/internal/infrastructure/postgres/payment_repository.go:852.2,853.26 2 1
evik/backend/internal/infrastructure/postgres/payment_repository.go:853.26,857.17 2 1
evik/backend/internal/infrastructure/postgres/payment_repository.go:857.17,859.4 1 0
evik/backend/internal/infrastructure/postgres/payment_repository.go:860.3,860.37 1 1
evik/backend/internal/infrastructure/postgres/payment_repository.go:860.37,862.4 1 0
evik/backend/internal/infrastructure/postgres/payment_repository.go:864.2,865.16 2 1
evik/backend/internal/infrastructure/postgres/payment_repository.go:865.16,867.3 1 0
evik/backend/internal/infrastructure/postgres/payment_repository.go:868.2,869.162 2 1
evik/backend/internal/infrastructure/postgres/payment_repository.go:869.162,871.3 1 0
evik/backend/internal/infrastructure/postgres/payment_repository.go:872.2,872.24 1 1
evik/backend/internal/infrastructure/postgres/payment_repository.go:872.24,874.3 1 0
evik/backend/internal/infrastructure/postgres/payment_repository.go:875.2,875.31 1 1
evik/backend/internal/infrastructure/postgres/payment_repository.go:875.31,877.3 1 1
evik/backend/internal/infrastructure/postgres/payment_repository.go:878.2,885.16 3 0
evik/backend/internal/infrastructure/postgres/payment_repository.go:885.16,887.3 1 0
evik/backend/internal/infrastructure/postgres/payment_repository.go:888.2,888.175 1 0
evik/backend/internal/infrastructure/postgres/payment_repository.go:888.175,890.3 1 0
evik/backend/internal/infrastructure/postgres/payment_repository.go:891.2,891.29 1 0
evik/backend/internal/infrastructure/postgres/payment_repository.go:894.122,896.16 2 0
evik/backend/internal/infrastructure/postgres/payment_repository.go:896.16,898.3 1 0
evik/backend/internal/infrastructure/postgres/payment_repository.go:899.2,905.16 5 0
evik/backend/internal/infrastructure/postgres/payment_repository.go:905.16,907.3 1 0
evik/backend/internal/infrastructure/postgres/payment_repository.go:908.2,908.54 1 0
evik/backend/internal/infrastructure/postgres/payment_repository.go:908.54,910.3 1 0
evik/backend/internal/infrastructure/postgres/payment_repository.go:911.2,911.122 1 0
evik/backend/internal/infrastructure/postgres/payment_repository.go:911.122,913.3 1 0
evik/backend/internal/infrastructure/postgres/payment_repository.go:914.2,914.199 1 0
evik/backend/internal/infrastructure/postgres/payment_repository.go:914.199,916.3 1 0
evik/backend/internal/infrastructure/postgres/payment_repository.go:917.2,917.189 1 0
evik/backend/internal/infrastructure/postgres/payment_repository.go:917.189,919.3 1 0
evik/backend/internal/infrastructure/postgres/payment_repository.go:920.2,920.264 1 0
evik/backend/internal/infrastructure/postgres/payment_repository.go:920.264,922.3 1 0
evik/backend/internal/infrastructure/postgres/payment_repository.go:923.2,923.20 1 0
evik/backend/internal/infrastructure/postgres/payment_repository.go:926.98,929.2 2 0
evik/backend/internal/infrastructure/postgres/payment_repository.go:931.124,939.16 3 0
evik/backend/internal/infrastructure/postgres/payment_repository.go:939.16,941.3 1 0
evik/backend/internal/infrastructure/postgres/payment_repository.go:942.2,944.18 3 0
evik/backend/internal/infrastructure/postgres/payment_repository.go:944.18,946.17 2 0
evik/backend/internal/infrastructure/postgres/payment_repository.go:946.17,948.4 1 0
evik/backend/internal/infrastructure/postgres/payment_repository.go:949.3,949.31 1 0
evik/backend/internal/infrastructure/postgres/payment_repository.go:951.2,951.28 1 0
evik/backend/internal/infrastructure/postgres/payment_repository.go:955.108,960.16 3 0
evik/backend/internal/infrastructure/postgres/payment_repository.go:960.16,961.36 1 0
evik/backend/internal/infrastructure/postgres/payment_repository.go:961.36,963.4 1 0
evik/backend/internal/infrastructure/postgres/payment_repository.go:964.3,964.18 1 0
evik/backend/internal/infrastructure/postgres/payment_repository.go:966.2,966.20 1 0
evik/backend/internal/infrastructure/postgres/payment_repository.go:974.158,976.16 2 0
evik/backend/internal/infrastructure/postgres/payment_repository.go:976.16,978.3 1 0
evik/backend/internal/infrastructure/postgres/payment_repository.go:979.2,984.16 3 0
evik/backend/internal/infrastructure/postgres/payment_repository.go:984.16,985.36 1 0
evik/backend/internal/infrastructure/postgres/payment_repository.go:985.36,987.4 1 0
evik/backend/internal/infrastructure/postgres/payment_repository.go:988.3,988.18 1 0
evik/backend/internal/infrastructure/postgres/payment_repository.go:991.2,991.53 1 0
evik/backend/internal/infrastructure/postgres/payment_repository.go:991.53,994.3 1 0
evik/backend/internal/infrastructure/postgres/payment_repository.go:995.2,995.40 1 0
evik/backend/internal/infrastructure/postgres/payment_repository.go:995.40,997.3 1 0
evik/backend/internal/infrastructure/postgres/payment_repository.go:999.2,999.122 1 0
evik/backend/internal/infrastructure/postgres/payment_repository.go:999.122,1001.3 1 0
evik/backend/internal/infrastructure/postgres/payment_repository.go:1002.2,1002.201 1 0
evik/backend/internal/infrastructure/postgres/payment_repository.go:1002.201,1004.3 1 0
evik/backend/internal/infrastructure/postgres/payment_repository.go:1006.2,1007.28 2 0
evik/backend/internal/infrastructure/postgres/payment_repository.go:1007.28,1009.3 1 0
evik/backend/internal/infrastructure/postgres/payment_repository.go:1009.8,1011.3 1 0
evik/backend/internal/infrastructure/postgres/payment_repository.go:1012.2,1021.16 2 0
evik/backend/internal/infrastructure/postgres/payment_repository.go:1021.16,1023.3 1 0
evik/backend/internal/infrastructure/postgres/payment_repository.go:1025.2,1032.16 2 0
evik/backend/internal/infrastructure/postgres/payment_repository.go:1032.16,1034.3 1 0
evik/backend/internal/infrastructure/postgres/payment_repository.go:1036.2,1040.93 1 0
evik/backend/internal/infrastructure/postgres/payment_repository.go:1040.93,1042.3 1 0
evik/backend/internal/infrastructure/postgres/payment_repository.go:1044.2,1044.36 1 0
evik/backend/internal/infrastructure/postgres/payment_repository.go:1044.36,1046.3 1 0
evik/backend/internal/infrastructure/postgres/payment_repository.go:1047.2,1047.21 1 0
evik/backend/internal/infrastructure/postgres/payment_repository.go:1057.147,1059.16 2 0
evik/backend/internal/infrastructure/postgres/payment_repository.go:1059.16,1061.3 1 0
evik/backend/internal/infrastructure/postgres/payment_repository.go:1062.2,1067.16 3 0
evik/backend/internal/infrastructure/postgres/payment_repository.go:1067.16,1068.36 1 0
evik/backend/internal/infrastructure/postgres/payment_repository.go:1068.36,1070.4 1 0
evik/backend/internal/infrastructure/postgres/payment_repository.go:1071.3,1071.18 1 0
evik/backend/internal/infrastructure/postgres/payment_repository.go:1073.2,1073.40 1 0
evik/backend/internal/infrastructure/postgres/payment_repository.go:1073.40,1075.3 1 0
evik/backend/internal/infrastructure/postgres/payment_repository.go:1077.2,1085.16 2 0
evik/backend/internal/infrastructure/postgres/payment_repository.go:1085.16,1087.3 1 0
evik/backend/internal/infrastructure/postgres/payment_repository.go:1095.2,1102.16 2 0
evik/backend/internal/infrastructure/postgres/payment_repository.go:1102.16,1104.3 1 0
evik/backend/internal/infrastructure/postgres/payment_repository.go:1106.2,1110.82 1 0
evik/backend/internal/infrastructure/postgres/payment_repository.go:1110.82,1112.3 1 0
evik/backend/internal/infrastructure/postgres/payment_repository.go:1114.2,1114.36 1 0
evik/backend/internal/infrastructure/postgres/payment_repository.go:1114.36,1116.3 1 0
evik/backend/internal/infrastructure/postgres/payment_repository.go:1117.2,1117.21 1 0
evik/backend/internal/infrastructure/postgres/payment_repository.go:1120.65,1121.16 1 0
evik/backend/internal/infrastructure/postgres/payment_repository.go:1125.36,1126.14 1 0
evik/backend/internal/infrastructure/postgres/payment_repository.go:1127.10,1128.15 1 0
evik/backend/internal/infrastructure/postgres/payment_repository.go:1132.65,1133.16 1 0
evik/backend/internal/infrastructure/postgres/payment_repository.go:1136.42,1137.14 1 0
evik/backend/internal/infrastructure/postgres/payment_repository.go:1138.10,1139.15 1 0
evik/backend/internal/infrastructure/postgres/payment_repository.go:1146.146,1148.16 2 0
evik/backend/internal/infrastructure/postgres/payment_repository.go:1148.16,1150.3 1 0
evik/backend/internal/infrastructure/postgres/payment_repository.go:1151.2,1151.17 1 0
evik/backend/internal/infrastructure/postgres/payment_repository.go:1151.17,1153.3 1 0
evik/backend/internal/infrastructure/postgres/payment_repository.go:1154.2,1155.16 2 0
evik/backend/internal/infrastructure/postgres/payment_repository.go:1155.16,1157.3 1 0
evik/backend/internal/infrastructure/postgres/payment_repository.go:1159.2,1161.38 3 0
evik/backend/internal/infrastructure/postgres/payment_repository.go:1161.38,1164.3 2 0
evik/backend/internal/infrastructure/postgres/payment_repository.go:1165.2,1165.52 1 0
evik/backend/internal/infrastructure/postgres/payment_repository.go:1165.52,1167.3 1 0
evik/backend/internal/infrastructure/postgres/payment_repository.go:1168.2,1168.55 1 0
evik/backend/internal/infrastructure/postgres/payment_repository.go:1168.55,1170.3 1 0
evik/backend/internal/infrastructure/postgres/payment_repository.go:1171.2,1171.53 1 0
evik/backend/internal/infrastructure/postgres/payment_repository.go:1171.53,1173.3 1 0
evik/backend/internal/infrastructure/postgres/payment_repository.go:1174.2,1174.24 1 0
evik/backend/internal/infrastructure/postgres/payment_repository.go:1174.24,1176.3 1 0
evik/backend/internal/infrastructure/postgres/payment_repository.go:1177.2,1177.22 1 0
evik/backend/internal/infrastructure/postgres/payment_repository.go:1177.22,1179.3 1 0
evik/backend/internal/infrastructure/postgres/payment_repository.go:1180.2,1181.20 2 0
evik/backend/internal/infrastructure/postgres/payment_repository.go:1181.20,1183.3 1 0
evik/backend/internal/infrastructure/postgres/payment_repository.go:1185.2,1186.113 2 0
evik/backend/internal/infrastructure/postgres/payment_repository.go:1186.113,1188.3 1 0
evik/backend/internal/infrastructure/postgres/payment_repository.go:1190.2,1199.16 4 0
evik/backend/internal/infrastructure/postgres/payment_repository.go:1199.16,1201.3 1 0
evik/backend/internal/infrastructure/postgres/payment_repository.go:1202.2,1204.18 3 0
evik/backend/internal/infrastructure/postgres/payment_repository.go:1204.18,1206.17 2 0
evik/backend/internal/infrastructure/postgres/payment_repository.go:1206.17,1208.4 1 0
evik/backend/internal/infrastructure/postgres/payment_repository.go:1209.3,1209.29 1 0
evik/backend/internal/infrastructure/postgres/payment_repository.go:1211.2,1211.31 1 0
evik/backend/internal/infrastructure/postgres/payment_repository.go:1216.139,1222.16 2 0
evik/backend/internal/infrastructure/postgres/payment_repository.go:1222.16,1224.3 1 0
evik/backend/internal/infrastructure/postgres/payment_repository.go:1225.2,1227.18 3 0
evik/backend/internal/infrastructure/postgres/payment_repository.go:1227.18,1229.17 2 0
evik/backend/internal/infrastructure/postgres/payment_repository.go:1229.17,1231.4 1 0
evik/backend/internal/infrastructure/postgres/payment_repository.go:1232.3,1232.24 1 0
evik/backend/internal/infrastructure/postgres/payment_repository.go:1234.2,1234.24 1 0
evik/backend/internal/infrastructure/postgres/payment_repository.go:1237.132,1242.35 2 1
evik/backend/internal/infrastructure/postgres/payment_repository.go:1242.35,1244.3 1 0
evik/backend/internal/infrastructure/postgres/payment_repository.go:1245.2,1245.26 1 1
evik/backend/internal/infrastructure/postgres/payment_repository.go:1248.132,1253.35 2 0
evik/backend/internal/infrastructure/postgres/payment_repository.go:1253.35,1255.3 1 0
evik/backend/internal/infrastructure/postgres/payment_repository.go:1256.2,1256.26 1 0
evik/backend/internal/infrastructure/postgres/payment_repository.go:1259.104,1265.2 2 0
evik/backend/internal/infrastructure/postgres/payment_repository.go:1267.124,1274.2 1 0
evik/backend/internal/infrastructure/postgres/payment_repository.go:1276.109,1278.34 2 0
evik/backend/internal/infrastructure/postgres/payment_repository.go:1278.34,1280.3 1 0
evik/backend/internal/infrastructure/postgres/payment_repository.go:1281.2,1292.9 3 0
evik/backend/internal/infrastructure/postgres/payment_repository.go:1292.9,1294.3 1 0
evik/backend/internal/infrastructure/postgres/payment_repository.go:1295.2,1296.16 2 0
evik/backend/internal/infrastructure/postgres/payment_repository.go:1296.16,1298.3 1 0
[...]
evik/backend/internal/infrastructure/postgres/payment_repository.go:1301.16,1303.3 1 0
evik/backend/internal/infrastructure/postgres/payment_repository.go:1304.2,1305.18 2 0
evik/backend/internal/infrastructure/postgres/payment_repository.go:1305.18,1308.25 3 0
evik/backend/internal/infrastructure/postgres/payment_repository.go:1308.25,1310.4 1 0
evik/backend/internal/infrastructure/postgres/payment_repository.go:1311.3,1311.44 1 0
evik/backend/internal/infrastructure/postgres/payment_repository.go:1311.44,1313.4 1 0
evik/backend/internal/infrastructure/postgres/payment_repository.go:1314.3,1315.28 2 0
evik/backend/internal/infrastructure/postgres/payment_repository.go:1315.28,1316.15 1 0
evik/backend/internal/infrastructure/postgres/payment_repository.go:1316.15,1318.5 1 0
evik/backend/internal/infrastructure/postgres/payment_repository.go:1320.3,1320.26 1 0
evik/backend/internal/infrastructure/postgres/payment_repository.go:1322.2,1322.24 1 0
evik/backend/internal/infrastructure/postgres/payment_repository.go:1325.32,1328.2 1 0
evik/backend/internal/infrastructure/postgres/payment_repository.go:1330.31,1332.2 1 1
evik/backend/internal/infrastructure/postgres/payment_repository.go:1334.37,1336.2 1 1
evik/backend/internal/infrastructure/postgres/payment_repository.go:1338.92,1342.231 4 0
evik/backend/internal/infrastructure/postgres/payment_repository.go:1342.231,1344.3 1 0
evik/backend/internal/infrastructure/postgres/payment_repository.go:1345.2,1353.16 9 0
evik/backend/internal/infrastructure/postgres/payment_repository.go:1356.96,1358.150 2 1
evik/backend/internal/infrastructure/postgres/payment_repository.go:1358.150,1360.3 1 0
evik/backend/internal/infrastructure/postgres/payment_repository.go:1361.2,1361.16 1 1
evik/backend/internal/infrastructure/postgres/payment_repository.go:1364.102,1367.163 3 1
evik/backend/internal/infrastructure/postgres/payment_repository.go:1367.163,1369.3 1 0
evik/backend/internal/infrastructure/postgres/payment_repository.go:1370.2,1375.16 6 1
evik/backend/internal/infrastructure/postgres/payment_repository.go:1378.90,1381.207 3 1
evik/backend/internal/infrastructure/postgres/payment_repository.go:1381.207,1383.3 1 1
evik/backend/internal/infrastructure/postgres/payment_repository.go:1384.2,1386.16 3 0
evik/backend/internal/infrastructure/postgres/payment_repository.go:1389.67,1391.16 2 0
evik/backend/internal/infrastructure/postgres/payment_repository.go:1391.16,1393.3 1 0
evik/backend/internal/infrastructure/postgres/payment_repository.go:1394.2,1394.16 1 0
evik/backend/internal/infrastructure/postgres/payment_repository.go:1397.80,1401.219 4 1
evik/backend/internal/infrastructure/postgres/payment_repository.go:1401.219,1403.3 1 0
evik/backend/internal/infrastructure/postgres/payment_repository.go:1404.2,1410.15 7 1
evik/backend/internal/infrastructure/postgres/payment_repository.go:1413.90,1416.211 3 0
evik/backend/internal/infrastructure/postgres/payment_repository.go:1416.211,1418.3 1 0
evik/backend/internal/infrastructure/postgres/payment_repository.go:1419.2,1420.21 2 0
evik/backend/internal/infrastructure/postgres/payment_repository.go:1423.91,1426.35 3 1
evik/backend/internal/infrastructure/postgres/payment_repository.go:1426.35,1432.17 2 1
evik/backend/internal/infrastructure/postgres/payment_repository.go:1432.17,1434.4 1 0
evik/backend/internal/infrastructure/postgres/payment_repository.go:1435.3,1435.23 1 1
evik/backend/internal/infrastructure/postgres/payment_repository.go:1437.2,1437.22 1 1
evik/backend/internal/infrastructure/postgres/payment_repository.go:1440.330,1447.2 2 1
evik/backend/internal/infrastructure/postgres/payment_repository.go:1449.67,1451.20 2 0
evik/backend/internal/infrastructure/postgres/payment_repository.go:1452.14,1453.37 1 0
evik/backend/internal/infrastructure/postgres/payment_repository.go:1454.35,1455.43 1 0
evik/backend/internal/infrastructure/postgres/payment_repository.go:1456.23,1457.36 1 0
evik/backend/internal/infrastructure/postgres/payment_repository.go:1458.10,1459.40 1 0
evik/backend/internal/infrastructure/postgres/payment_repository.go:1463.51,1464.40 1 1
evik/backend/internal/infrastructure/postgres/payment_repository.go:1464.40,1466.3 1 1
evik/backend/internal/infrastructure/postgres/payment_repository.go:1467.2,1468.11 2 1
evik/backend/internal/infrastructure/postgres/payment_repository.go:1471.33,1472.11 1 1
evik/backend/internal/infrastructure/postgres/payment_repository.go:1472.11,1474.3 1 0
evik/backend/internal/infrastructure/postgres/payment_repository.go:1475.2,1475.10 1 1
evik/backend/internal/infrastructure/postgres/payment_repository.go:1478.37,1480.23 2 0
evik/backend/internal/infrastructure/postgres/payment_repository.go:1480.23,1482.3 1 0
evik/backend/internal/infrastructure/postgres/payment_repository.go:1483.2,1483.33 1 0
evik/backend/internal/infrastructure/postgres/pricing_repository.go:16.64,18.2 1 0
evik/backend/internal/infrastructure/postgres/pricing_repository.go:20.135,42.16 5 0
evik/backend/internal/infrastructure/postgres/pricing_repository.go:42.16,43.27 1 0
evik/backend/internal/infrastructure/postgres/pricing_repository.go:43.27,45.4 1 0
evik/backend/internal/infrastructure/postgres/pricing_repository.go:46.3,46.18 1 0
evik/backend/internal/infrastructure/postgres/pricing_repository.go:49.2,50.21 2 0
evik/backend/internal/infrastructure/postgres/pricing_repository.go:53.90,62.16 3 0
evik/backend/internal/infrastructure/postgres/pricing_repository.go:62.16,64.3 1 0
evik/backend/internal/infrastructure/postgres/pricing_repository.go:65.2,68.18 3 0
evik/backend/internal/infrastructure/postgres/pricing_repository.go:68.18,82.17 4 0
evik/backend/internal/infrastructure/postgres/pricing_repository.go:82.17,84.4 1 0
evik/backend/internal/infrastructure/postgres/pricing_repository.go:86.3,87.37 2 0
evik/backend/internal/infrastructure/postgres/pricing_repository.go:90.2,90.35 1 0
evik/backend/internal/infrastructure/postgres/pricing_repository.go:90.35,92.3 1 0
evik/backend/internal/infrastructure/postgres/pricing_repository.go:94.2,94.21 1 0
evik/backend/internal/infrastructure/postgres/pricing_repository.go:97.100,119.16 5 0
evik/backend/internal/infrastructure/postgres/pricing_repository.go:119.16,120.27 1 0
evik/backend/internal/infrastructure/postgres/pricing_repository.go:120.27,122.4 1 0
evik/backend/internal/infrastructure/postgres/pricing_repository.go:123.3,123.18 1 0
evik/backend/internal/infrastructure/postgres/pricing_repository.go:126.2,127.21 2 0
evik/backend/internal/infrastructure/postgres/pricing_repository.go:130.93,148.2 3 0
evik/backend/internal/infrastructure/postgres/pricing_repository.go:150.93,167.16 4 0
evik/backend/internal/infrastructure/postgres/pricing_repository.go:167.16,169.3 1 0
evik/backend/internal/infrastructure/postgres/pricing_repository.go:171.2,172.16 2 0
evik/backend/internal/infrastructure/postgres/pricing_repository.go:172.16,174.3 1 0
evik/backend/internal/infrastructure/postgres/pricing_repository.go:176.2,176.23 1 0
evik/backend/internal/infrastructure/postgres/pricing_repository.go:176.23,178.3 1 0
evik/backend/internal/infrastructure/postgres/pricing_repository.go:180.2,180.12 1 0
evik/backend/internal/infrastructure/postgres/pricing_repository.go:183.74,191.16 3 0
evik/backend/internal/infrastructure/postgres/pricing_repository.go:191.16,193.3 1 0
evik/backend/internal/infrastructure/postgres/pricing_repository.go:195.2,196.16 2 0
evik/backend/internal/infrastructure/postgres/pricing_repository.go:196.16,198.3 1 0
evik/backend/internal/infrastructure/postgres/pricing_repository.go:200.2,200.23 1 0
evik/backend/internal/infrastructure/postgres/pricing_repository.go:200.23,202.3 1 0
evik/backend/internal/infrastructure/postgres/pricing_repository.go:204.2,204.12 1 0
evik/backend/internal/infrastructure/postgres/service_area_repository.go:15.66,17.2 1 0
evik/backend/internal/infrastructure/postgres/service_area_repository.go:33.123,44.16 4 0
evik/backend/internal/infrastructure/postgres/service_area_repository.go:44.16,45.36 1 0
evik/backend/internal/infrastructure/postgres/service_area_repository.go:45.36,47.4 1 0
evik/backend/internal/infrastructure/postgres/service_area_repository.go:48.3,48.25 1 0
evik/backend/internal/infrastructure/postgres/service_area_repository.go:50.2,50.25 1 0
evik/backend/internal/infrastructure/postgres/service_area_repository.go:53.94,59.16 3 0
evik/backend/internal/infrastructure/postgres/service_area_repository.go:59.16,61.3 1 0
evik/backend/internal/infrastructure/postgres/service_area_repository.go:62.2,65.18 3 0
evik/backend/internal/infrastructure/postgres/service_area_repository.go:65.18,67.117 2 0
evik/backend/internal/infrastructure/postgres/service_area_repository.go:67.117,69.4 1 0
evik/backend/internal/infrastructure/postgres/service_area_repository.go:70.3,70.27 1 0
evik/backend/internal/infrastructure/postgres/service_area_repository.go:72.2,72.26 1 0
evik/backend/internal/infrastructure/postgres/service_area_repository.go:75.107,82.16 4 0
evik/backend/internal/infrastructure/postgres/service_area_repository.go:82.16,83.36 1 0
evik/backend/internal/infrastructure/postgres/service_area_repository.go:83.36,85.4 1 0
evik/backend/internal/infrastructure/postgres/service_area_repository.go:86.3,86.18 1 0
evik/backend/internal/infrastructure/postgres/service_area_repository.go:88.2,88.16 1 0
evik/backend/internal/infrastructure/postgres/service_area_repository.go:91.97,101.2 3 0
evik/backend/internal/infrastructure/postgres/service_area_repository.go:103.97,113.16 3 0
evik/backend/internal/infrastructure/postgres/service_area_repository.go:113.16,115.3 1 0
evik/backend/internal/infrastructure/postgres/service_area_repository.go:116.2,116.28 1 0
evik/backend/internal/infrastructure/postgres/service_area_repository.go:119.94,122.16 3 0
evik/backend/internal/infrastructure/postgres/service_area_repository.go:122.16,124.3 1 0
evik/backend/internal/infrastructure/postgres/service_area_repository.go:125.2,125.28 1 0
evik/backend/internal/infrastructure/postgres/service_area_repository.go:128.78,130.16 2 0
evik/backend/internal/infrastructure/postgres/service_area_repository.go:130.16,132.3 1 0
evik/backend/internal/infrastructure/postgres/service_area_repository.go:133.2,133.15 1 0
evik/backend/internal/infrastructure/postgres/service_area_repository.go:133.15,133.36 1 0
evik/backend/internal/infrastructure/postgres/service_area_repository.go:135.2,136.89 2 0
evik/backend/internal/infrastructure/postgres/service_area_repository.go:136.89,138.3 1 0
evik/backend/internal/infrastructure/postgres/service_area_repository.go:139.2,139.16 1 0
evik/backend/internal/infrastructure/postgres/service_area_repository.go:139.16,141.3 1 0
evik/backend/internal/infrastructure/postgres/service_area_repository.go:143.2,144.16 2 0
evik/backend/internal/infrastructure/postgres/service_area_repository.go:144.16,146.3 1 0
evik/backend/internal/infrastructure/postgres/service_area_repository.go:147.2,147.44 1 0
evik/backend/internal/infrastructure/postgres/service_area_repository.go:147.44,149.3 1 0
evik/backend/internal/infrastructure/postgres/service_area_repository.go:150.2,150.20 1 0
evik/backend/internal/infrastructure/postgres/service_area_repository.go:153.94,156.77 3 0
evik/backend/internal/infrastructure/postgres/service_area_repository.go:156.77,158.3 1 0
evik/backend/internal/infrastructure/postgres/service_area_repository.go:159.2,159.20 1 0
evik/backend/internal/infrastructure/postgres/service_area_repository.go:163.43,165.16 2 0
evik/backend/internal/infrastructure/postgres/service_area_repository.go:165.16,167.3 1 0
evik/backend/internal/infrastructure/postgres/service_area_repository.go:168.2,168.12 1 0
evik/backend/internal/infrastructure/postgres/service_area_repository.go:168.12,170.3 1 0
evik/backend/internal/infrastructure/postgres/service_area_repository.go:171.2,171.12 1 0
evik/backend/internal/infrastructure/postgres/settings_repository.go:16.60,18.2 1 0
evik/backend/internal/infrastructure/postgres/settings_repository.go:20.84,22.16 2 0
evik/backend/internal/infrastructure/postgres/settings_repository.go:22.16,24.3 1 0
evik/backend/internal/infrastructure/postgres/settings_repository.go:25.2,28.18 3 0
evik/backend/internal/infrastructure/postgres/settings_repository.go:28.18,31.84 3 0
evik/backend/internal/infrastructure/postgres/settings_repository.go:31.84,33.4 1 0
evik/backend/internal/infrastructure/postgres/settings_repository.go:34.3,35.23 2 0
evik/backend/internal/infrastructure/postgres/settings_repository.go:37.2,37.24 1 0
evik/backend/internal/infrastructure/postgres/settings_repository.go:40.87,42.16 2 0
evik/backend/internal/infrastructure/postgres/settings_repository.go:42.16,44.3 1 0
evik/backend/internal/infrastructure/postgres/settings_repository.go:45.2,50.12 2 0
evik/backend/internal/infrastructure/postgres/user_repository.go:18.52,20.2 1 0
evik/backend/internal/infrastructure/postgres/user_repository.go:22.83,27.42 3 0
evik/backend/internal/infrastructure/postgres/user_repository.go:27.42,29.3 1 0
evik/backend/internal/infrastructure/postgres/user_repository.go:30.2,30.12 1 0
evik/backend/internal/infrastructure/postgres/user_repository.go:33.92,39.2 2 0
evik/backend/internal/infrastructure/postgres/user_repository.go:41.118,47.2 2 0
evik/backend/internal/infrastructure/postgres/user_repository.go:49.108,51.16 2 0
evik/backend/internal/infrastructure/postgres/user_repository.go:51.16,53.3 1 0
evik/backend/internal/infrastructure/postgres/user_repository.go:54.2,54.54 1 0
evik/backend/internal/infrastructure/postgres/user_repository.go:54.54,56.3 1 0
evik/backend/internal/infrastructure/postgres/user_repository.go:57.2,57.12 1 0
evik/backend/internal/infrastructure/postgres/user_repository.go:60.110,66.2 3 0
evik/backend/internal/infrastructure/postgres/user_repository.go:68.131,76.16 5 0
evik/backend/internal/infrastructure/postgres/user_repository.go:76.16,77.36 1 0
evik/backend/internal/infrastructure/postgres/user_repository.go:77.36,79.4 1 0
evik/backend/internal/infrastructure/postgres/user_repository.go:80.3,80.18 1 0
evik/backend/internal/infrastructure/postgres/user_repository.go:82.2,83.22 2 0
evik/backend/internal/infrastructure/postgres/user_repository.go:86.113,89.2 2 0
evik/backend/internal/infrastructure/postgres/user_repository.go:91.94,97.2 3 0
evik/backend/internal/infrastructure/postgres/user_repository.go:99.152,113.16 5 0
evik/backend/internal/infrastructure/postgres/user_repository.go:113.16,114.36 1 0
evik/backend/internal/infrastructure/postgres/user_repository.go:114.36,116.4 1 0
evik/backend/internal/infrastructure/postgres/user_repository.go:117.3,117.18 1 0
evik/backend/internal/infrastructure/postgres/user_repository.go:119.2,120.18 2 0
evik/backend/internal/infrastructure/postgres/user_repository.go:123.102,146.2 3 0
evik/backend/internal/infrastructure/postgres/user_repository.go:151.116,157.16 3 0
evik/backend/internal/infrastructure/postgres/user_repository.go:157.16,159.3 1 0
evik/backend/internal/infrastructure/postgres/user_repository.go:160.2,162.18 3 0
evik/backend/internal/infrastructure/postgres/user_repository.go:162.18,164.39 2 0
evik/backend/internal/infrastructure/postgres/user_repository.go:164.39,166.4 1 0
evik/backend/internal/infrastructure/postgres/user_repository.go:167.3,167.29 1 0
evik/backend/internal/infrastructure/postgres/user_repository.go:169.2,169.27 1 0
evik/backend/internal/infrastructure/postgres/user_repository.go:176.97,186.16 3 0
evik/backend/internal/infrastructure/postgres/user_repository.go:186.16,188.3 1 0
evik/backend/internal/infrastructure/postgres/user_repository.go:189.2,191.18 3 0
evik/backend/internal/infrastructure/postgres/user_repository.go:191.18,193.39 2 0
evik/backend/internal/infrastructure/postgres/user_repository.go:193.39,195.4 1 0
evik/backend/internal/infrastructure/postgres/user_repository.go:196.3,196.29 1 0
evik/backend/internal/infrastructure/postgres/user_repository.go:198.2,198.27 1 0
evik/backend/internal/infrastructure/postgres/user_repository.go:203.113,204.25 1 0
evik/backend/internal/infrastructure/postgres/user_repository.go:204.25,206.3 1 0
evik/backend/internal/infrastructure/postgres/user_repository.go:207.2,209.31 3 0
evik/backend/internal/infrastructure/postgres/user_repository.go:209.31,212.3 2 0
evik/backend/internal/infrastructure/postgres/user_repository.go:213.2,222.16 3 0
evik/backend/internal/infrastructure/postgres/user_repository.go:222.16,224.3 1 0
evik/backend/internal/infrastructure/postgres/user_repository.go:225.2,227.18 3 0
evik/backend/internal/infrastructure/postgres/user_repository.go:227.18,229.39 2 0
evik/backend/internal/infrastructure/postgres/user_repository.go:229.39,231.4 1 0
evik/backend/internal/infrastructure/postgres/user_repository.go:232.3,232.29 1 0
evik/backend/internal/infrastructure/postgres/user_repository.go:234.2,234.27 1 0
evik/backend/internal/infrastructure/postgres/user_repository.go:237.137,244.2 2 0
evik/backend/internal/infrastructure/postgres/user_repository.go:246.102,257.2 3 0
evik/backend/internal/infrastructure/postgres/user_repository.go:259.110,278.16 4 0
evik/backend/internal/infrastructure/postgres/user_repository.go:278.16,279.36 1 0
evik/backend/internal/infrastructure/postgres/user_repository.go:279.36,281.4 1 0
evik/backend/internal/infrastructure/postgres/user_repository.go:282.3,282.18 1 0
evik/backend/internal/infrastructure/postgres/user_repository.go:284.2,284.22 1 0
evik/backend/internal/infrastructure/postgres/user_repository.go:293.144,295.16 2 0
evik/backend/internal/infrastructure/postgres/user_repository.go:295.16,297.3 1 0
evik/backend/internal/infrastructure/postgres/user_repository.go:298.2,313.16 3 0
evik/backend/internal/infrastructure/postgres/user_repository.go:313.16,315.3 1 0
evik/backend/internal/infrastructure/postgres/user_repository.go:316.2,317.16 2 0
evik/backend/internal/infrastructure/postgres/user_repository.go:317.16,319.3 1 0
evik/backend/internal/infrastructure/postgres/user_repository.go:320.2,320.19 1 0
evik/backend/internal/infrastructure/postgres/user_repository.go:320.19,322.3 1 0
evik/backend/internal/infrastructure/postgres/user_repository.go:324.2,324.46 1 0
evik/backend/internal/infrastructure/postgres/user_repository.go:324.46,325.150 1 0
evik/backend/internal/infrastructure/postgres/user_repository.go:325.150,327.4 1 0
evik/backend/internal/infrastructure/postgres/user_repository.go:329.2,329.20 1 0
evik/backend/internal/infrastructure/postgres/user_repository.go:335.100,345.16 2 0
evik/backend/internal/infrastructure/postgres/user_repository.go:345.16,347.3 1 0
evik/backend/internal/infrastructure/postgres/user_repository.go:348.2,349.16 2 0
evik/backend/internal/infrastructure/postgres/user_repository.go:349.16,351.3 1 0
evik/backend/internal/infrastructure/postgres/user_repository.go:352.2,352.19 1 0
evik/backend/internal/infrastructure/postgres/user_repository.go:352.19,354.3 1 0
evik/backend/internal/infrastructure/postgres/user_repository.go:355.2,355.12 1 0
evik/backend/internal/infrastructure/postgres/user_repository.go:358.98,362.2 3 0
evik/backend/internal/infrastructure/postgres/user_repository.go:364.104,368.2 3 0
evik/backend/internal/infrastructure/postgres/user_repository.go:370.120,378.2 3 0
evik/backend/internal/infrastructure/postgres/user_repository.go:380.75,385.16 5 0
evik/backend/internal/infrastructure/postgres/user_repository.go:385.16,386.36 1 0
evik/backend/internal/infrastructure/postgres/user_repository.go:386.36,388.4 1 0
evik/backend/internal/infrastructure/postgres/user_repository.go:389.3,389.18 1 0
evik/backend/internal/infrastructure/postgres/user_repository.go:391.2,393.19 3 0
evik/backend/internal/infrastructure/postgres/user_repository.go:396.40,397.16 1 0
evik/backend/internal/infrastructure/postgres/user_repository.go:397.16,399.3 1 0
evik/backend/internal/infrastructure/postgres/user_repository.go:400.2,401.76 2 0
